The system is: Linux - 4.14.0-115.14.1.el7a.ppc64le - ppc64le
Compiling the C compiler identification source file "CMakeCCompilerId.c" succeeded.
Compiler: /sw/summit/gcc/6.4.0/bin/gcc 
Build flags: 
Id flags:  

The output was:
0


Compilation of the C compiler identification source "CMakeCCompilerId.c" produced "a.out"

The C compiler identification is GNU, found in "/ccs/home/plot/parquant/Parallel-Quantum-Code/build/CMakeFiles/3.15.2/CompilerIdC/a.out"

Compiling the CXX compiler identification source file "CMakeCXXCompilerId.cpp" succeeded.
Compiler: /sw/summit/gcc/6.4.0/bin/g++ 
Build flags: 
Id flags:  

The output was:
0


Compilation of the CXX compiler identification source "CMakeCXXCompilerId.cpp" produced "a.out"

The CXX compiler identification is GNU, found in "/ccs/home/plot/parquant/Parallel-Quantum-Code/build/CMakeFiles/3.15.2/CompilerIdCXX/a.out"

Determining if the C compiler works passed with the following output:
Change Dir: /ccs/home/plot/parquant/Parallel-Quantum-Code/build/CMakeFiles/CMakeTmp

Run Build Command(s):/usr/bin/gmake cmTC_68d51/fast && /usr/bin/gmake -f CMakeFiles/cmTC_68d51.dir/build.make CMakeFiles/cmTC_68d51.dir/build
gmake[1]: Entering directory `/autofs/nccs-svm1_home2/plot/parquant/Parallel-Quantum-Code/build/CMakeFiles/CMakeTmp'
Building C object CMakeFiles/cmTC_68d51.dir/testCCompiler.c.o
/sw/summit/gcc/6.4.0/bin/gcc    -o CMakeFiles/cmTC_68d51.dir/testCCompiler.c.o   -c /ccs/home/plot/parquant/Parallel-Quantum-Code/build/CMakeFiles/CMakeTmp/testCCompiler.c
Linking C executable cmTC_68d51
/autofs/nccs-svm1_sw/summit/.swci/0-core/opt/spack/20180914/linux-rhel7-ppc64le/gcc-4.8.5/cmake-3.15.2-xit2o3iepxvqbyku77lwcugufilztu7t/bin/cmake -E cmake_link_script CMakeFiles/cmTC_68d51.dir/link.txt --verbose=1
/sw/summit/gcc/6.4.0/bin/gcc      CMakeFiles/cmTC_68d51.dir/testCCompiler.c.o  -o cmTC_68d51 
gmake[1]: Leaving directory `/autofs/nccs-svm1_home2/plot/parquant/Parallel-Quantum-Code/build/CMakeFiles/CMakeTmp'



Detecting C compiler ABI info compiled with the following output:
Change Dir: /ccs/home/plot/parquant/Parallel-Quantum-Code/build/CMakeFiles/CMakeTmp

Run Build Command(s):/usr/bin/gmake cmTC_7df3e/fast && /usr/bin/gmake -f CMakeFiles/cmTC_7df3e.dir/build.make CMakeFiles/cmTC_7df3e.dir/build
gmake[1]: Entering directory `/autofs/nccs-svm1_home2/plot/parquant/Parallel-Quantum-Code/build/CMakeFiles/CMakeTmp'
Building C object CMakeFiles/cmTC_7df3e.dir/CMakeCCompilerABI.c.o
/sw/summit/gcc/6.4.0/bin/gcc   -v -o CMakeFiles/cmTC_7df3e.dir/CMakeCCompilerABI.c.o   -c /autofs/nccs-svm1_sw/summit/.swci/0-core/opt/spack/20180914/linux-rhel7-ppc64le/gcc-4.8.5/cmake-3.15.2-xit2o3iepxvqbyku77lwcugufilztu7t/share/cmake-3.15/Modules/CMakeCCompilerABI.c
Using built-in specs.
COLLECT_GCC=/sw/summit/gcc/6.4.0/bin/gcc
OFFLOAD_TARGET_NAMES=nvptx-none
Target: powerpc64le-none-linux-gnu
Configured with: /sw/summit/gcc/6.4.0/src/gcc-6.4.0/configure --prefix=/sw/summit/gcc/6.4.0 --build=powerpc64le-none-linux-gnu --host=powerpc64le-none-linux-gnu --target=powerpc64le-none-linux-gnu --enable-offload-targets=nvptx-none --with-cuda-driver=/sw/summit/cuda/9.0.184 --disable-multilib CFLAGS=-m64
Thread model: posix
gcc version 6.4.0 (GCC) 
COLLECT_GCC_OPTIONS='-v' '-o' 'CMakeFiles/cmTC_7df3e.dir/CMakeCCompilerABI.c.o' '-c'
 /autofs/nccs-svm1_sw/summit/gcc/6.4.0/bin/../libexec/gcc/powerpc64le-none-linux-gnu/6.4.0/cc1 -quiet -v -iprefix /autofs/nccs-svm1_sw/summit/gcc/6.4.0/bin/../lib/gcc/powerpc64le-none-linux-gnu/6.4.0/ -D__unix__ -D__gnu_linux__ -D__linux__ -Dunix -D__unix -Dlinux -D__linux -Asystem=linux -Asystem=unix -Asystem=posix /autofs/nccs-svm1_sw/summit/.swci/0-core/opt/spack/20180914/linux-rhel7-ppc64le/gcc-4.8.5/cmake-3.15.2-xit2o3iepxvqbyku77lwcugufilztu7t/share/cmake-3.15/Modules/CMakeCCompilerABI.c -quiet -dumpbase CMakeCCompilerABI.c -auxbase-strip CMakeFiles/cmTC_7df3e.dir/CMakeCCompilerABI.c.o -version -o /tmp/ccMSDapj.s
GNU C11 (GCC) version 6.4.0 (powerpc64le-none-linux-gnu)
	compiled by GNU C version 6.4.0, GMP version 4.3.2, MPFR version 2.4.2, MPC version 0.8.1, isl version 0.15
GGC heuristics: --param ggc-min-expand=100 --param ggc-min-heapsize=131072
ignoring nonexistent directory "/autofs/nccs-svm1_sw/summit/gcc/6.4.0/bin/../lib/gcc/powerpc64le-none-linux-gnu/6.4.0/../../../../powerpc64le-none-linux-gnu/include"
ignoring duplicate directory "/autofs/nccs-svm1_sw/summit/gcc/6.4.0/bin/../lib/gcc/../../lib/gcc/powerpc64le-none-linux-gnu/6.4.0/include"
ignoring duplicate directory "/autofs/nccs-svm1_sw/summit/gcc/6.4.0/bin/../lib/gcc/../../lib/gcc/powerpc64le-none-linux-gnu/6.4.0/include-fixed"
ignoring nonexistent directory "/autofs/nccs-svm1_sw/summit/gcc/6.4.0/bin/../lib/gcc/../../lib/gcc/powerpc64le-none-linux-gnu/6.4.0/../../../../powerpc64le-none-linux-gnu/include"
#include "..." search starts here:
#include <...> search starts here:
 /autofs/nccs-svm1_sw/summit/.swci/0-core/opt/spack/20180914/linux-rhel7-ppc64le/gcc-4.8.5/papi-5.7.0-7ycgvcx5n3zk2h4dz3koxjzl72exp2le/include
 /autofs/nccs-svm1_sw/summit/.swci/1-compute/opt/spack/20180914/linux-rhel7-ppc64le/gcc-6.4.0/openblas-0.3.6-m5nxstrhkwmp6wkp4d2mx26v2beb25ni/include
 /autofs/nccs-svm1_sw/summit/.swci/1-compute/opt/spack/20180914/linux-rhel7-ppc64le/gcc-6.4.0/boost-1.66.0-l6qu5nrynyuksm4ex7gswb6rsvvhsj42/include
 /autofs/nccs-svm1_sw/summit/.swci/1-compute/opt/spack/20180914/linux-rhel7-ppc64le/gcc-6.4.0/hdf5-1.10.4-qj7qoumocmjj2xkwbwotazo22sugeq5o/include
 /sw/summit/cuda/10.1.168/include
 /autofs/nccs-svm1_sw/summit/.swci/1-compute/opt/spack/20180914/linux-rhel7-ppc64le/gcc-6.4.0/spectrum-mpi-10.3.1.2-20200121-awz2q5brde7wgdqqw4ugalrkukeub4eb/include
 /autofs/nccs-svm1_sw/summit/gcc/6.4.0/bin/../lib/gcc/powerpc64le-none-linux-gnu/6.4.0/include
 /autofs/nccs-svm1_sw/summit/gcc/6.4.0/bin/../lib/gcc/powerpc64le-none-linux-gnu/6.4.0/include-fixed
 /usr/local/include
 /autofs/nccs-svm1_sw/summit/gcc/6.4.0/bin/../lib/gcc/../../include
 /usr/include
End of search list.
GNU C11 (GCC) version 6.4.0 (powerpc64le-none-linux-gnu)
	compiled by GNU C version 6.4.0, GMP version 4.3.2, MPFR version 2.4.2, MPC version 0.8.1, isl version 0.15
GGC heuristics: --param ggc-min-expand=100 --param ggc-min-heapsize=131072
Compiler executable checksum: e0f2f6f34b2c83061b16eed5d5ee4ce5
COLLECT_GCC_OPTIONS='-v' '-o' 'CMakeFiles/cmTC_7df3e.dir/CMakeCCompilerABI.c.o' '-c'
 as -v -a64 -mppc64 -many -mlittle -o CMakeFiles/cmTC_7df3e.dir/CMakeCCompilerABI.c.o /tmp/ccMSDapj.s
GNU assembler version 2.27 (ppc64le-redhat-linux) using BFD version version 2.27-34.base.el7_6.1
COMPILER_PATH=/autofs/nccs-svm1_sw/summit/gcc/6.4.0/bin/../libexec/gcc/powerpc64le-none-linux-gnu/6.4.0/:/autofs/nccs-svm1_sw/summit/gcc/6.4.0/bin/../libexec/gcc/
LIBRARY_PATH=/autofs/nccs-svm1_sw/summit/gcc/6.4.0/bin/../lib/gcc/powerpc64le-none-linux-gnu/6.4.0/:/autofs/nccs-svm1_sw/summit/gcc/6.4.0/bin/../lib/gcc/:/autofs/nccs-svm1_sw/summit/gcc/6.4.0/bin/../lib/gcc/powerpc64le-none-linux-gnu/6.4.0/../../../../lib64/:/lib/../lib64/:/usr/lib/../lib64/:/autofs/nccs-svm1_sw/summit/.swci/0-core/opt/spack/20180914/linux-rhel7-ppc64le/gcc-4.8.5/papi-5.7.0-7ycgvcx5n3zk2h4dz3koxjzl72exp2le/lib/:/autofs/nccs-svm1_sw/summit/.swci/1-compute/opt/spack/20180914/linux-rhel7-ppc64le/gcc-6.4.0/openblas-0.3.6-m5nxstrhkwmp6wkp4d2mx26v2beb25ni/lib/:/autofs/nccs-svm1_sw/summit/.swci/1-compute/opt/spack/20180914/linux-rhel7-ppc64le/gcc-6.4.0/boost-1.66.0-l6qu5nrynyuksm4ex7gswb6rsvvhsj42/lib/:/autofs/nccs-svm1_sw/summit/.swci/1-compute/opt/spack/20180914/linux-rhel7-ppc64le/gcc-6.4.0/hdf5-1.10.4-qj7qoumocmjj2xkwbwotazo22sugeq5o/lib/:/autofs/nccs-svm1_sw/summit/.swci/1-compute/opt/spack/20180914/linux-rhel7-ppc64le/gcc-6.4.0/spectrum-mpi-10.3.1.2-20200121-awz2q5brde7wgdqqw4ugalrkukeub4eb/lib/:/autofs/nccs-svm1_sw/summit/gcc/6.4.0/bin/../lib/gcc/powerpc64le-none-linux-gnu/6.4.0/../../../:/lib/:/usr/lib/
COLLECT_GCC_OPTIONS='-v' '-o' 'CMakeFiles/cmTC_7df3e.dir/CMakeCCompilerABI.c.o' '-c'
Linking C executable cmTC_7df3e
/autofs/nccs-svm1_sw/summit/.swci/0-core/opt/spack/20180914/linux-rhel7-ppc64le/gcc-4.8.5/cmake-3.15.2-xit2o3iepxvqbyku77lwcugufilztu7t/bin/cmake -E cmake_link_script CMakeFiles/cmTC_7df3e.dir/link.txt --verbose=1
/sw/summit/gcc/6.4.0/bin/gcc     -v CMakeFiles/cmTC_7df3e.dir/CMakeCCompilerABI.c.o  -o cmTC_7df3e 
Using built-in specs.
COLLECT_GCC=/sw/summit/gcc/6.4.0/bin/gcc
COLLECT_LTO_WRAPPER=/autofs/nccs-svm1_sw/summit/gcc/6.4.0/bin/../libexec/gcc/powerpc64le-none-linux-gnu/6.4.0/lto-wrapper
OFFLOAD_TARGET_NAMES=nvptx-none
Target: powerpc64le-none-linux-gnu
Configured with: /sw/summit/gcc/6.4.0/src/gcc-6.4.0/configure --prefix=/sw/summit/gcc/6.4.0 --build=powerpc64le-none-linux-gnu --host=powerpc64le-none-linux-gnu --target=powerpc64le-none-linux-gnu --enable-offload-targets=nvptx-none --with-cuda-driver=/sw/summit/cuda/9.0.184 --disable-multilib CFLAGS=-m64
Thread model: posix
gcc version 6.4.0 (GCC) 
COMPILER_PATH=/autofs/nccs-svm1_sw/summit/gcc/6.4.0/bin/../libexec/gcc/powerpc64le-none-linux-gnu/6.4.0/:/autofs/nccs-svm1_sw/summit/gcc/6.4.0/bin/../libexec/gcc/
LIBRARY_PATH=/autofs/nccs-svm1_sw/summit/gcc/6.4.0/bin/../lib/gcc/powerpc64le-none-linux-gnu/6.4.0/:/autofs/nccs-svm1_sw/summit/gcc/6.4.0/bin/../lib/gcc/:/autofs/nccs-svm1_sw/summit/gcc/6.4.0/bin/../lib/gcc/powerpc64le-none-linux-gnu/6.4.0/../../../../lib64/:/lib/../lib64/:/usr/lib/../lib64/:/autofs/nccs-svm1_sw/summit/.swci/0-core/opt/spack/20180914/linux-rhel7-ppc64le/gcc-4.8.5/papi-5.7.0-7ycgvcx5n3zk2h4dz3koxjzl72exp2le/lib/:/autofs/nccs-svm1_sw/summit/.swci/1-compute/opt/spack/20180914/linux-rhel7-ppc64le/gcc-6.4.0/openblas-0.3.6-m5nxstrhkwmp6wkp4d2mx26v2beb25ni/lib/:/autofs/nccs-svm1_sw/summit/.swci/1-compute/opt/spack/20180914/linux-rhel7-ppc64le/gcc-6.4.0/boost-1.66.0-l6qu5nrynyuksm4ex7gswb6rsvvhsj42/lib/:/autofs/nccs-svm1_sw/summit/.swci/1-compute/opt/spack/20180914/linux-rhel7-ppc64le/gcc-6.4.0/hdf5-1.10.4-qj7qoumocmjj2xkwbwotazo22sugeq5o/lib/:/autofs/nccs-svm1_sw/summit/.swci/1-compute/opt/spack/20180914/linux-rhel7-ppc64le/gcc-6.4.0/spectrum-mpi-10.3.1.2-20200121-awz2q5brde7wgdqqw4ugalrkukeub4eb/lib/:/autofs/nccs-svm1_sw/summit/gcc/6.4.0/bin/../lib/gcc/powerpc64le-none-linux-gnu/6.4.0/../../../:/lib/:/usr/lib/
COLLECT_GCC_OPTIONS='-v' '-o' 'cmTC_7df3e'
 /autofs/nccs-svm1_sw/summit/gcc/6.4.0/bin/../libexec/gcc/powerpc64le-none-linux-gnu/6.4.0/collect2 -plugin /autofs/nccs-svm1_sw/summit/gcc/6.4.0/bin/../libexec/gcc/powerpc64le-none-linux-gnu/6.4.0/liblto_plugin.so -plugin-opt=/autofs/nccs-svm1_sw/summit/gcc/6.4.0/bin/../libexec/gcc/powerpc64le-none-linux-gnu/6.4.0/lto-wrapper -plugin-opt=-fresolution=/tmp/ccJpjTdm.res -plugin-opt=-pass-through=-lgcc -plugin-opt=-pass-through=-lgcc_s -plugin-opt=-pass-through=-lc -plugin-opt=-pass-through=-lgcc -plugin-opt=-pass-through=-lgcc_s --eh-frame-hdr -V -m elf64lppc -dynamic-linker /lib64/ld64.so.2 -o cmTC_7df3e /lib/../lib64/crt1.o /lib/../lib64/crti.o /autofs/nccs-svm1_sw/summit/gcc/6.4.0/bin/../lib/gcc/powerpc64le-none-linux-gnu/6.4.0/crtbegin.o -L/autofs/nccs-svm1_sw/summit/gcc/6.4.0/bin/../lib/gcc/powerpc64le-none-linux-gnu/6.4.0 -L/autofs/nccs-svm1_sw/summit/gcc/6.4.0/bin/../lib/gcc -L/autofs/nccs-svm1_sw/summit/gcc/6.4.0/bin/../lib/gcc/powerpc64le-none-linux-gnu/6.4.0/../../../../lib64 -L/lib/../lib64 -L/usr/lib/../lib64 -L/autofs/nccs-svm1_sw/summit/.swci/0-core/opt/spack/20180914/linux-rhel7-ppc64le/gcc-4.8.5/papi-5.7.0-7ycgvcx5n3zk2h4dz3koxjzl72exp2le/lib -L/autofs/nccs-svm1_sw/summit/.swci/1-compute/opt/spack/20180914/linux-rhel7-ppc64le/gcc-6.4.0/openblas-0.3.6-m5nxstrhkwmp6wkp4d2mx26v2beb25ni/lib -L/autofs/nccs-svm1_sw/summit/.swci/1-compute/opt/spack/20180914/linux-rhel7-ppc64le/gcc-6.4.0/boost-1.66.0-l6qu5nrynyuksm4ex7gswb6rsvvhsj42/lib -L/autofs/nccs-svm1_sw/summit/.swci/1-compute/opt/spack/20180914/linux-rhel7-ppc64le/gcc-6.4.0/hdf5-1.10.4-qj7qoumocmjj2xkwbwotazo22sugeq5o/lib -L/autofs/nccs-svm1_sw/summit/.swci/1-compute/opt/spack/20180914/linux-rhel7-ppc64le/gcc-6.4.0/spectrum-mpi-10.3.1.2-20200121-awz2q5brde7wgdqqw4ugalrkukeub4eb/lib -L/autofs/nccs-svm1_sw/summit/gcc/6.4.0/bin/../lib/gcc/powerpc64le-none-linux-gnu/6.4.0/../../.. CMakeFiles/cmTC_7df3e.dir/CMakeCCompilerABI.c.o -lgcc --as-needed -lgcc_s --no-as-needed -lc -lgcc --as-needed -lgcc_s --no-as-needed /autofs/nccs-svm1_sw/summit/gcc/6.4.0/bin/../lib/gcc/powerpc64le-none-linux-gnu/6.4.0/crtend.o /lib/../lib64/crtn.o
COLLECT_GCC_OPTIONS='-v' '-o' 'cmTC_7df3e'
gmake[1]: Leaving directory `/autofs/nccs-svm1_home2/plot/parquant/Parallel-Quantum-Code/build/CMakeFiles/CMakeTmp'



Parsed C implicit include dir info from above output: rv=done
  found start of include info
  found start of implicit include info
    add: [/autofs/nccs-svm1_sw/summit/.swci/0-core/opt/spack/20180914/linux-rhel7-ppc64le/gcc-4.8.5/papi-5.7.0-7ycgvcx5n3zk2h4dz3koxjzl72exp2le/include]
    add: [/autofs/nccs-svm1_sw/summit/.swci/1-compute/opt/spack/20180914/linux-rhel7-ppc64le/gcc-6.4.0/openblas-0.3.6-m5nxstrhkwmp6wkp4d2mx26v2beb25ni/include]
    add: [/autofs/nccs-svm1_sw/summit/.swci/1-compute/opt/spack/20180914/linux-rhel7-ppc64le/gcc-6.4.0/boost-1.66.0-l6qu5nrynyuksm4ex7gswb6rsvvhsj42/include]
    add: [/autofs/nccs-svm1_sw/summit/.swci/1-compute/opt/spack/20180914/linux-rhel7-ppc64le/gcc-6.4.0/hdf5-1.10.4-qj7qoumocmjj2xkwbwotazo22sugeq5o/include]
    add: [/sw/summit/cuda/10.1.168/include]
    add: [/autofs/nccs-svm1_sw/summit/.swci/1-compute/opt/spack/20180914/linux-rhel7-ppc64le/gcc-6.4.0/spectrum-mpi-10.3.1.2-20200121-awz2q5brde7wgdqqw4ugalrkukeub4eb/include]
    add: [/autofs/nccs-svm1_sw/summit/gcc/6.4.0/bin/../lib/gcc/powerpc64le-none-linux-gnu/6.4.0/include]
    add: [/autofs/nccs-svm1_sw/summit/gcc/6.4.0/bin/../lib/gcc/powerpc64le-none-linux-gnu/6.4.0/include-fixed]
    add: [/usr/local/include]
    add: [/autofs/nccs-svm1_sw/summit/gcc/6.4.0/bin/../lib/gcc/../../include]
    add: [/usr/include]
  end of search list found
  collapse include dir [/autofs/nccs-svm1_sw/summit/.swci/0-core/opt/spack/20180914/linux-rhel7-ppc64le/gcc-4.8.5/papi-5.7.0-7ycgvcx5n3zk2h4dz3koxjzl72exp2le/include] ==> [/autofs/nccs-svm1_sw/summit/.swci/0-core/opt/spack/20180914/linux-rhel7-ppc64le/gcc-4.8.5/papi-5.7.0-7ycgvcx5n3zk2h4dz3koxjzl72exp2le/include]
  collapse include dir [/autofs/nccs-svm1_sw/summit/.swci/1-compute/opt/spack/20180914/linux-rhel7-ppc64le/gcc-6.4.0/openblas-0.3.6-m5nxstrhkwmp6wkp4d2mx26v2beb25ni/include] ==> [/autofs/nccs-svm1_sw/summit/.swci/1-compute/opt/spack/20180914/linux-rhel7-ppc64le/gcc-6.4.0/openblas-0.3.6-m5nxstrhkwmp6wkp4d2mx26v2beb25ni/include]
  collapse include dir [/autofs/nccs-svm1_sw/summit/.swci/1-compute/opt/spack/20180914/linux-rhel7-ppc64le/gcc-6.4.0/boost-1.66.0-l6qu5nrynyuksm4ex7gswb6rsvvhsj42/include] ==> [/autofs/nccs-svm1_sw/summit/.swci/1-compute/opt/spack/20180914/linux-rhel7-ppc64le/gcc-6.4.0/boost-1.66.0-l6qu5nrynyuksm4ex7gswb6rsvvhsj42/include]
  collapse include dir [/autofs/nccs-svm1_sw/summit/.swci/1-compute/opt/spack/20180914/linux-rhel7-ppc64le/gcc-6.4.0/hdf5-1.10.4-qj7qoumocmjj2xkwbwotazo22sugeq5o/include] ==> [/autofs/nccs-svm1_sw/summit/.swci/1-compute/opt/spack/20180914/linux-rhel7-ppc64le/gcc-6.4.0/hdf5-1.10.4-qj7qoumocmjj2xkwbwotazo22sugeq5o/include]
  collapse include dir [/sw/summit/cuda/10.1.168/include] ==> [/sw/summit/cuda/10.1.168/include]
  collapse include dir [/autofs/nccs-svm1_sw/summit/.swci/1-compute/opt/spack/20180914/linux-rhel7-ppc64le/gcc-6.4.0/spectrum-mpi-10.3.1.2-20200121-awz2q5brde7wgdqqw4ugalrkukeub4eb/include] ==> [/autofs/nccs-svm1_sw/summit/.swci/1-compute/opt/spack/20180914/linux-rhel7-ppc64le/gcc-6.4.0/spectrum-mpi-10.3.1.2-20200121-awz2q5brde7wgdqqw4ugalrkukeub4eb/include]
  collapse include dir [/autofs/nccs-svm1_sw/summit/gcc/6.4.0/bin/../lib/gcc/powerpc64le-none-linux-gnu/6.4.0/include] ==> [/autofs/nccs-svm1_sw/summit/gcc/6.4.0/lib/gcc/powerpc64le-none-linux-gnu/6.4.0/include]
  collapse include dir [/autofs/nccs-svm1_sw/summit/gcc/6.4.0/bin/../lib/gcc/powerpc64le-none-linux-gnu/6.4.0/include-fixed] ==> [/autofs/nccs-svm1_sw/summit/gcc/6.4.0/lib/gcc/powerpc64le-none-linux-gnu/6.4.0/include-fixed]
  collapse include dir [/usr/local/include] ==> [/usr/local/include]
  collapse include dir [/autofs/nccs-svm1_sw/summit/gcc/6.4.0/bin/../lib/gcc/../../include] ==> [/autofs/nccs-svm1_sw/summit/gcc/6.4.0/include]
  collapse include dir [/usr/include] ==> [/usr/include]
  implicit include dirs: [/autofs/nccs-svm1_sw/summit/.swci/0-core/opt/spack/20180914/linux-rhel7-ppc64le/gcc-4.8.5/papi-5.7.0-7ycgvcx5n3zk2h4dz3koxjzl72exp2le/include;/autofs/nccs-svm1_sw/summit/.swci/1-compute/opt/spack/20180914/linux-rhel7-ppc64le/gcc-6.4.0/openblas-0.3.6-m5nxstrhkwmp6wkp4d2mx26v2beb25ni/include;/autofs/nccs-svm1_sw/summit/.swci/1-compute/opt/spack/20180914/linux-rhel7-ppc64le/gcc-6.4.0/boost-1.66.0-l6qu5nrynyuksm4ex7gswb6rsvvhsj42/include;/autofs/nccs-svm1_sw/summit/.swci/1-compute/opt/spack/20180914/linux-rhel7-ppc64le/gcc-6.4.0/hdf5-1.10.4-qj7qoumocmjj2xkwbwotazo22sugeq5o/include;/sw/summit/cuda/10.1.168/include;/autofs/nccs-svm1_sw/summit/.swci/1-compute/opt/spack/20180914/linux-rhel7-ppc64le/gcc-6.4.0/spectrum-mpi-10.3.1.2-20200121-awz2q5brde7wgdqqw4ugalrkukeub4eb/include;/autofs/nccs-svm1_sw/summit/gcc/6.4.0/lib/gcc/powerpc64le-none-linux-gnu/6.4.0/include;/autofs/nccs-svm1_sw/summit/gcc/6.4.0/lib/gcc/powerpc64le-none-linux-gnu/6.4.0/include-fixed;/usr/local/include;/autofs/nccs-svm1_sw/summit/gcc/6.4.0/include;/usr/include]


Parsed C implicit link information from above output:
  link line regex: [^( *|.*[/\])(ld|CMAKE_LINK_STARTFILE-NOTFOUND|([^/\]+-)?ld|collect2)[^/\]*( |$)]
  ignore line: [Change Dir: /ccs/home/plot/parquant/Parallel-Quantum-Code/build/CMakeFiles/CMakeTmp]
  ignore line: []
  ignore line: [Run Build Command(s):/usr/bin/gmake cmTC_7df3e/fast && /usr/bin/gmake -f CMakeFiles/cmTC_7df3e.dir/build.make CMakeFiles/cmTC_7df3e.dir/build]
  ignore line: [gmake[1]: Entering directory `/autofs/nccs-svm1_home2/plot/parquant/Parallel-Quantum-Code/build/CMakeFiles/CMakeTmp']
  ignore line: [Building C object CMakeFiles/cmTC_7df3e.dir/CMakeCCompilerABI.c.o]
  ignore line: [/sw/summit/gcc/6.4.0/bin/gcc   -v -o CMakeFiles/cmTC_7df3e.dir/CMakeCCompilerABI.c.o   -c /autofs/nccs-svm1_sw/summit/.swci/0-core/opt/spack/20180914/linux-rhel7-ppc64le/gcc-4.8.5/cmake-3.15.2-xit2o3iepxvqbyku77lwcugufilztu7t/share/cmake-3.15/Modules/CMakeCCompilerABI.c]
  ignore line: [Using built-in specs.]
  ignore line: [COLLECT_GCC=/sw/summit/gcc/6.4.0/bin/gcc]
  ignore line: [OFFLOAD_TARGET_NAMES=nvptx-none]
  ignore line: [Target: powerpc64le-none-linux-gnu]
  ignore line: [Configured with: /sw/summit/gcc/6.4.0/src/gcc-6.4.0/configure --prefix=/sw/summit/gcc/6.4.0 --build=powerpc64le-none-linux-gnu --host=powerpc64le-none-linux-gnu --target=powerpc64le-none-linux-gnu --enable-offload-targets=nvptx-none --with-cuda-driver=/sw/summit/cuda/9.0.184 --disable-multilib CFLAGS=-m64]
  ignore line: [Thread model: posix]
  ignore line: [gcc version 6.4.0 (GCC) ]
  ignore line: [COLLECT_GCC_OPTIONS='-v' '-o' 'CMakeFiles/cmTC_7df3e.dir/CMakeCCompilerABI.c.o' '-c']
  ignore line: [ /autofs/nccs-svm1_sw/summit/gcc/6.4.0/bin/../libexec/gcc/powerpc64le-none-linux-gnu/6.4.0/cc1 -quiet -v -iprefix /autofs/nccs-svm1_sw/summit/gcc/6.4.0/bin/../lib/gcc/powerpc64le-none-linux-gnu/6.4.0/ -D__unix__ -D__gnu_linux__ -D__linux__ -Dunix -D__unix -Dlinux -D__linux -Asystem=linux -Asystem=unix -Asystem=posix /autofs/nccs-svm1_sw/summit/.swci/0-core/opt/spack/20180914/linux-rhel7-ppc64le/gcc-4.8.5/cmake-3.15.2-xit2o3iepxvqbyku77lwcugufilztu7t/share/cmake-3.15/Modules/CMakeCCompilerABI.c -quiet -dumpbase CMakeCCompilerABI.c -auxbase-strip CMakeFiles/cmTC_7df3e.dir/CMakeCCompilerABI.c.o -version -o /tmp/ccMSDapj.s]
  ignore line: [GNU C11 (GCC) version 6.4.0 (powerpc64le-none-linux-gnu)]
  ignore line: [	compiled by GNU C version 6.4.0, GMP version 4.3.2, MPFR version 2.4.2, MPC version 0.8.1, isl version 0.15]
  ignore line: [GGC heuristics: --param ggc-min-expand=100 --param ggc-min-heapsize=131072]
  ignore line: [ignoring nonexistent directory "/autofs/nccs-svm1_sw/summit/gcc/6.4.0/bin/../lib/gcc/powerpc64le-none-linux-gnu/6.4.0/../../../../powerpc64le-none-linux-gnu/include"]
  ignore line: [ignoring duplicate directory "/autofs/nccs-svm1_sw/summit/gcc/6.4.0/bin/../lib/gcc/../../lib/gcc/powerpc64le-none-linux-gnu/6.4.0/include"]
  ignore line: [ignoring duplicate directory "/autofs/nccs-svm1_sw/summit/gcc/6.4.0/bin/../lib/gcc/../../lib/gcc/powerpc64le-none-linux-gnu/6.4.0/include-fixed"]
  ignore line: [ignoring nonexistent directory "/autofs/nccs-svm1_sw/summit/gcc/6.4.0/bin/../lib/gcc/../../lib/gcc/powerpc64le-none-linux-gnu/6.4.0/../../../../powerpc64le-none-linux-gnu/include"]
  ignore line: [#include "..." search starts here:]
  ignore line: [#include <...> search starts here:]
  ignore line: [ /autofs/nccs-svm1_sw/summit/.swci/0-core/opt/spack/20180914/linux-rhel7-ppc64le/gcc-4.8.5/papi-5.7.0-7ycgvcx5n3zk2h4dz3koxjzl72exp2le/include]
  ignore line: [ /autofs/nccs-svm1_sw/summit/.swci/1-compute/opt/spack/20180914/linux-rhel7-ppc64le/gcc-6.4.0/openblas-0.3.6-m5nxstrhkwmp6wkp4d2mx26v2beb25ni/include]
  ignore line: [ /autofs/nccs-svm1_sw/summit/.swci/1-compute/opt/spack/20180914/linux-rhel7-ppc64le/gcc-6.4.0/boost-1.66.0-l6qu5nrynyuksm4ex7gswb6rsvvhsj42/include]
  ignore line: [ /autofs/nccs-svm1_sw/summit/.swci/1-compute/opt/spack/20180914/linux-rhel7-ppc64le/gcc-6.4.0/hdf5-1.10.4-qj7qoumocmjj2xkwbwotazo22sugeq5o/include]
  ignore line: [ /sw/summit/cuda/10.1.168/include]
  ignore line: [ /autofs/nccs-svm1_sw/summit/.swci/1-compute/opt/spack/20180914/linux-rhel7-ppc64le/gcc-6.4.0/spectrum-mpi-10.3.1.2-20200121-awz2q5brde7wgdqqw4ugalrkukeub4eb/include]
  ignore line: [ /autofs/nccs-svm1_sw/summit/gcc/6.4.0/bin/../lib/gcc/powerpc64le-none-linux-gnu/6.4.0/include]
  ignore line: [ /autofs/nccs-svm1_sw/summit/gcc/6.4.0/bin/../lib/gcc/powerpc64le-none-linux-gnu/6.4.0/include-fixed]
  ignore line: [ /usr/local/include]
  ignore line: [ /autofs/nccs-svm1_sw/summit/gcc/6.4.0/bin/../lib/gcc/../../include]
  ignore line: [ /usr/include]
  ignore line: [End of search list.]
  ignore line: [GNU C11 (GCC) version 6.4.0 (powerpc64le-none-linux-gnu)]
  ignore line: [	compiled by GNU C version 6.4.0, GMP version 4.3.2, MPFR version 2.4.2, MPC version 0.8.1, isl version 0.15]
  ignore line: [GGC heuristics: --param ggc-min-expand=100 --param ggc-min-heapsize=131072]
  ignore line: [Compiler executable checksum: e0f2f6f34b2c83061b16eed5d5ee4ce5]
  ignore line: [COLLECT_GCC_OPTIONS='-v' '-o' 'CMakeFiles/cmTC_7df3e.dir/CMakeCCompilerABI.c.o' '-c']
  ignore line: [ as -v -a64 -mppc64 -many -mlittle -o CMakeFiles/cmTC_7df3e.dir/CMakeCCompilerABI.c.o /tmp/ccMSDapj.s]
  ignore line: [GNU assembler version 2.27 (ppc64le-redhat-linux) using BFD version version 2.27-34.base.el7_6.1]
  ignore line: [COMPILER_PATH=/autofs/nccs-svm1_sw/summit/gcc/6.4.0/bin/../libexec/gcc/powerpc64le-none-linux-gnu/6.4.0/:/autofs/nccs-svm1_sw/summit/gcc/6.4.0/bin/../libexec/gcc/]
  ignore line: [LIBRARY_PATH=/autofs/nccs-svm1_sw/summit/gcc/6.4.0/bin/../lib/gcc/powerpc64le-none-linux-gnu/6.4.0/:/autofs/nccs-svm1_sw/summit/gcc/6.4.0/bin/../lib/gcc/:/autofs/nccs-svm1_sw/summit/gcc/6.4.0/bin/../lib/gcc/powerpc64le-none-linux-gnu/6.4.0/../../../../lib64/:/lib/../lib64/:/usr/lib/../lib64/:/autofs/nccs-svm1_sw/summit/.swci/0-core/opt/spack/20180914/linux-rhel7-ppc64le/gcc-4.8.5/papi-5.7.0-7ycgvcx5n3zk2h4dz3koxjzl72exp2le/lib/:/autofs/nccs-svm1_sw/summit/.swci/1-compute/opt/spack/20180914/linux-rhel7-ppc64le/gcc-6.4.0/openblas-0.3.6-m5nxstrhkwmp6wkp4d2mx26v2beb25ni/lib/:/autofs/nccs-svm1_sw/summit/.swci/1-compute/opt/spack/20180914/linux-rhel7-ppc64le/gcc-6.4.0/boost-1.66.0-l6qu5nrynyuksm4ex7gswb6rsvvhsj42/lib/:/autofs/nccs-svm1_sw/summit/.swci/1-compute/opt/spack/20180914/linux-rhel7-ppc64le/gcc-6.4.0/hdf5-1.10.4-qj7qoumocmjj2xkwbwotazo22sugeq5o/lib/:/autofs/nccs-svm1_sw/summit/.swci/1-compute/opt/spack/20180914/linux-rhel7-ppc64le/gcc-6.4.0/spectrum-mpi-10.3.1.2-20200121-awz2q5brde7wgdqqw4ugalrkukeub4eb/lib/:/autofs/nccs-svm1_sw/summit/gcc/6.4.0/bin/../lib/gcc/powerpc64le-none-linux-gnu/6.4.0/../../../:/lib/:/usr/lib/]
  ignore line: [COLLECT_GCC_OPTIONS='-v' '-o' 'CMakeFiles/cmTC_7df3e.dir/CMakeCCompilerABI.c.o' '-c']
  ignore line: [Linking C executable cmTC_7df3e]
  ignore line: [/autofs/nccs-svm1_sw/summit/.swci/0-core/opt/spack/20180914/linux-rhel7-ppc64le/gcc-4.8.5/cmake-3.15.2-xit2o3iepxvqbyku77lwcugufilztu7t/bin/cmake -E cmake_link_script CMakeFiles/cmTC_7df3e.dir/link.txt --verbose=1]
  ignore line: [/sw/summit/gcc/6.4.0/bin/gcc     -v CMakeFiles/cmTC_7df3e.dir/CMakeCCompilerABI.c.o  -o cmTC_7df3e ]
  ignore line: [Using built-in specs.]
  ignore line: [COLLECT_GCC=/sw/summit/gcc/6.4.0/bin/gcc]
  ignore line: [COLLECT_LTO_WRAPPER=/autofs/nccs-svm1_sw/summit/gcc/6.4.0/bin/../libexec/gcc/powerpc64le-none-linux-gnu/6.4.0/lto-wrapper]
  ignore line: [OFFLOAD_TARGET_NAMES=nvptx-none]
  ignore line: [Target: powerpc64le-none-linux-gnu]
  ignore line: [Configured with: /sw/summit/gcc/6.4.0/src/gcc-6.4.0/configure --prefix=/sw/summit/gcc/6.4.0 --build=powerpc64le-none-linux-gnu --host=powerpc64le-none-linux-gnu --target=powerpc64le-none-linux-gnu --enable-offload-targets=nvptx-none --with-cuda-driver=/sw/summit/cuda/9.0.184 --disable-multilib CFLAGS=-m64]
  ignore line: [Thread model: posix]
  ignore line: [gcc version 6.4.0 (GCC) ]
  ignore line: [COMPILER_PATH=/autofs/nccs-svm1_sw/summit/gcc/6.4.0/bin/../libexec/gcc/powerpc64le-none-linux-gnu/6.4.0/:/autofs/nccs-svm1_sw/summit/gcc/6.4.0/bin/../libexec/gcc/]
  ignore line: [LIBRARY_PATH=/autofs/nccs-svm1_sw/summit/gcc/6.4.0/bin/../lib/gcc/powerpc64le-none-linux-gnu/6.4.0/:/autofs/nccs-svm1_sw/summit/gcc/6.4.0/bin/../lib/gcc/:/autofs/nccs-svm1_sw/summit/gcc/6.4.0/bin/../lib/gcc/powerpc64le-none-linux-gnu/6.4.0/../../../../lib64/:/lib/../lib64/:/usr/lib/../lib64/:/autofs/nccs-svm1_sw/summit/.swci/0-core/opt/spack/20180914/linux-rhel7-ppc64le/gcc-4.8.5/papi-5.7.0-7ycgvcx5n3zk2h4dz3koxjzl72exp2le/lib/:/autofs/nccs-svm1_sw/summit/.swci/1-compute/opt/spack/20180914/linux-rhel7-ppc64le/gcc-6.4.0/openblas-0.3.6-m5nxstrhkwmp6wkp4d2mx26v2beb25ni/lib/:/autofs/nccs-svm1_sw/summit/.swci/1-compute/opt/spack/20180914/linux-rhel7-ppc64le/gcc-6.4.0/boost-1.66.0-l6qu5nrynyuksm4ex7gswb6rsvvhsj42/lib/:/autofs/nccs-svm1_sw/summit/.swci/1-compute/opt/spack/20180914/linux-rhel7-ppc64le/gcc-6.4.0/hdf5-1.10.4-qj7qoumocmjj2xkwbwotazo22sugeq5o/lib/:/autofs/nccs-svm1_sw/summit/.swci/1-compute/opt/spack/20180914/linux-rhel7-ppc64le/gcc-6.4.0/spectrum-mpi-10.3.1.2-20200121-awz2q5brde7wgdqqw4ugalrkukeub4eb/lib/:/autofs/nccs-svm1_sw/summit/gcc/6.4.0/bin/../lib/gcc/powerpc64le-none-linux-gnu/6.4.0/../../../:/lib/:/usr/lib/]
  ignore line: [COLLECT_GCC_OPTIONS='-v' '-o' 'cmTC_7df3e']
  link line: [ /autofs/nccs-svm1_sw/summit/gcc/6.4.0/bin/../libexec/gcc/powerpc64le-none-linux-gnu/6.4.0/collect2 -plugin /autofs/nccs-svm1_sw/summit/gcc/6.4.0/bin/../libexec/gcc/powerpc64le-none-linux-gnu/6.4.0/liblto_plugin.so -plugin-opt=/autofs/nccs-svm1_sw/summit/gcc/6.4.0/bin/../libexec/gcc/powerpc64le-none-linux-gnu/6.4.0/lto-wrapper -plugin-opt=-fresolution=/tmp/ccJpjTdm.res -plugin-opt=-pass-through=-lgcc -plugin-opt=-pass-through=-lgcc_s -plugin-opt=-pass-through=-lc -plugin-opt=-pass-through=-lgcc -plugin-opt=-pass-through=-lgcc_s --eh-frame-hdr -V -m elf64lppc -dynamic-linker /lib64/ld64.so.2 -o cmTC_7df3e /lib/../lib64/crt1.o /lib/../lib64/crti.o /autofs/nccs-svm1_sw/summit/gcc/6.4.0/bin/../lib/gcc/powerpc64le-none-linux-gnu/6.4.0/crtbegin.o -L/autofs/nccs-svm1_sw/summit/gcc/6.4.0/bin/../lib/gcc/powerpc64le-none-linux-gnu/6.4.0 -L/autofs/nccs-svm1_sw/summit/gcc/6.4.0/bin/../lib/gcc -L/autofs/nccs-svm1_sw/summit/gcc/6.4.0/bin/../lib/gcc/powerpc64le-none-linux-gnu/6.4.0/../../../../lib64 -L/lib/../lib64 -L/usr/lib/../lib64 -L/autofs/nccs-svm1_sw/summit/.swci/0-core/opt/spack/20180914/linux-rhel7-ppc64le/gcc-4.8.5/papi-5.7.0-7ycgvcx5n3zk2h4dz3koxjzl72exp2le/lib -L/autofs/nccs-svm1_sw/summit/.swci/1-compute/opt/spack/20180914/linux-rhel7-ppc64le/gcc-6.4.0/openblas-0.3.6-m5nxstrhkwmp6wkp4d2mx26v2beb25ni/lib -L/autofs/nccs-svm1_sw/summit/.swci/1-compute/opt/spack/20180914/linux-rhel7-ppc64le/gcc-6.4.0/boost-1.66.0-l6qu5nrynyuksm4ex7gswb6rsvvhsj42/lib -L/autofs/nccs-svm1_sw/summit/.swci/1-compute/opt/spack/20180914/linux-rhel7-ppc64le/gcc-6.4.0/hdf5-1.10.4-qj7qoumocmjj2xkwbwotazo22sugeq5o/lib -L/autofs/nccs-svm1_sw/summit/.swci/1-compute/opt/spack/20180914/linux-rhel7-ppc64le/gcc-6.4.0/spectrum-mpi-10.3.1.2-20200121-awz2q5brde7wgdqqw4ugalrkukeub4eb/lib -L/autofs/nccs-svm1_sw/summit/gcc/6.4.0/bin/../lib/gcc/powerpc64le-none-linux-gnu/6.4.0/../../.. CMakeFiles/cmTC_7df3e.dir/CMakeCCompilerABI.c.o -lgcc --as-needed -lgcc_s --no-as-needed -lc -lgcc --as-needed -lgcc_s --no-as-needed /autofs/nccs-svm1_sw/summit/gcc/6.4.0/bin/../lib/gcc/powerpc64le-none-linux-gnu/6.4.0/crtend.o /lib/../lib64/crtn.o]
    arg [/autofs/nccs-svm1_sw/summit/gcc/6.4.0/bin/../libexec/gcc/powerpc64le-none-linux-gnu/6.4.0/collect2] ==> ignore
    arg [-plugin] ==> ignore
    arg [/autofs/nccs-svm1_sw/summit/gcc/6.4.0/bin/../libexec/gcc/powerpc64le-none-linux-gnu/6.4.0/liblto_plugin.so] ==> ignore
    arg [-plugin-opt=/autofs/nccs-svm1_sw/summit/gcc/6.4.0/bin/../libexec/gcc/powerpc64le-none-linux-gnu/6.4.0/lto-wrapper] ==> ignore
    arg [-plugin-opt=-fresolution=/tmp/ccJpjTdm.res] ==> ignore
    arg [-plugin-opt=-pass-through=-lgcc] ==> ignore
    arg [-plugin-opt=-pass-through=-lgcc_s] ==> ignore
    arg [-plugin-opt=-pass-through=-lc] ==> ignore
    arg [-plugin-opt=-pass-through=-lgcc] ==> ignore
    arg [-plugin-opt=-pass-through=-lgcc_s] ==> ignore
    arg [--eh-frame-hdr] ==> ignore
    arg [-V] ==> ignore
    arg [-m] ==> ignore
    arg [elf64lppc] ==> ignore
    arg [-dynamic-linker] ==> ignore
    arg [/lib64/ld64.so.2] ==> ignore
    arg [-o] ==> ignore
    arg [cmTC_7df3e] ==> ignore
    arg [/lib/../lib64/crt1.o] ==> ignore
    arg [/lib/../lib64/crti.o] ==> ignore
    arg [/autofs/nccs-svm1_sw/summit/gcc/6.4.0/bin/../lib/gcc/powerpc64le-none-linux-gnu/6.4.0/crtbegin.o] ==> ignore
    arg [-L/autofs/nccs-svm1_sw/summit/gcc/6.4.0/bin/../lib/gcc/powerpc64le-none-linux-gnu/6.4.0] ==> dir [/autofs/nccs-svm1_sw/summit/gcc/6.4.0/bin/../lib/gcc/powerpc64le-none-linux-gnu/6.4.0]
    arg [-L/autofs/nccs-svm1_sw/summit/gcc/6.4.0/bin/../lib/gcc] ==> dir [/autofs/nccs-svm1_sw/summit/gcc/6.4.0/bin/../lib/gcc]
    arg [-L/autofs/nccs-svm1_sw/summit/gcc/6.4.0/bin/../lib/gcc/powerpc64le-none-linux-gnu/6.4.0/../../../../lib64] ==> dir [/autofs/nccs-svm1_sw/summit/gcc/6.4.0/bin/../lib/gcc/powerpc64le-none-linux-gnu/6.4.0/../../../../lib64]
    arg [-L/lib/../lib64] ==> dir [/lib/../lib64]
    arg [-L/usr/lib/../lib64] ==> dir [/usr/lib/../lib64]
    arg [-L/autofs/nccs-svm1_sw/summit/.swci/0-core/opt/spack/20180914/linux-rhel7-ppc64le/gcc-4.8.5/papi-5.7.0-7ycgvcx5n3zk2h4dz3koxjzl72exp2le/lib] ==> dir [/autofs/nccs-svm1_sw/summit/.swci/0-core/opt/spack/20180914/linux-rhel7-ppc64le/gcc-4.8.5/papi-5.7.0-7ycgvcx5n3zk2h4dz3koxjzl72exp2le/lib]
    arg [-L/autofs/nccs-svm1_sw/summit/.swci/1-compute/opt/spack/20180914/linux-rhel7-ppc64le/gcc-6.4.0/openblas-0.3.6-m5nxstrhkwmp6wkp4d2mx26v2beb25ni/lib] ==> dir [/autofs/nccs-svm1_sw/summit/.swci/1-compute/opt/spack/20180914/linux-rhel7-ppc64le/gcc-6.4.0/openblas-0.3.6-m5nxstrhkwmp6wkp4d2mx26v2beb25ni/lib]
    arg [-L/autofs/nccs-svm1_sw/summit/.swci/1-compute/opt/spack/20180914/linux-rhel7-ppc64le/gcc-6.4.0/boost-1.66.0-l6qu5nrynyuksm4ex7gswb6rsvvhsj42/lib] ==> dir [/autofs/nccs-svm1_sw/summit/.swci/1-compute/opt/spack/20180914/linux-rhel7-ppc64le/gcc-6.4.0/boost-1.66.0-l6qu5nrynyuksm4ex7gswb6rsvvhsj42/lib]
    arg [-L/autofs/nccs-svm1_sw/summit/.swci/1-compute/opt/spack/20180914/linux-rhel7-ppc64le/gcc-6.4.0/hdf5-1.10.4-qj7qoumocmjj2xkwbwotazo22sugeq5o/lib] ==> dir [/autofs/nccs-svm1_sw/summit/.swci/1-compute/opt/spack/20180914/linux-rhel7-ppc64le/gcc-6.4.0/hdf5-1.10.4-qj7qoumocmjj2xkwbwotazo22sugeq5o/lib]
    arg [-L/autofs/nccs-svm1_sw/summit/.swci/1-compute/opt/spack/20180914/linux-rhel7-ppc64le/gcc-6.4.0/spectrum-mpi-10.3.1.2-20200121-awz2q5brde7wgdqqw4ugalrkukeub4eb/lib] ==> dir [/autofs/nccs-svm1_sw/summit/.swci/1-compute/opt/spack/20180914/linux-rhel7-ppc64le/gcc-6.4.0/spectrum-mpi-10.3.1.2-20200121-awz2q5brde7wgdqqw4ugalrkukeub4eb/lib]
    arg [-L/autofs/nccs-svm1_sw/summit/gcc/6.4.0/bin/../lib/gcc/powerpc64le-none-linux-gnu/6.4.0/../../..] ==> dir [/autofs/nccs-svm1_sw/summit/gcc/6.4.0/bin/../lib/gcc/powerpc64le-none-linux-gnu/6.4.0/../../..]
    arg [CMakeFiles/cmTC_7df3e.dir/CMakeCCompilerABI.c.o] ==> ignore
    arg [-lgcc] ==> lib [gcc]
    arg [--as-needed] ==> ignore
    arg [-lgcc_s] ==> lib [gcc_s]
    arg [--no-as-needed] ==> ignore
    arg [-lc] ==> lib [c]
    arg [-lgcc] ==> lib [gcc]
    arg [--as-needed] ==> ignore
    arg [-lgcc_s] ==> lib [gcc_s]
    arg [--no-as-needed] ==> ignore
    arg [/autofs/nccs-svm1_sw/summit/gcc/6.4.0/bin/../lib/gcc/powerpc64le-none-linux-gnu/6.4.0/crtend.o] ==> ignore
    arg [/lib/../lib64/crtn.o] ==> ignore
  collapse library dir [/autofs/nccs-svm1_sw/summit/gcc/6.4.0/bin/../lib/gcc/powerpc64le-none-linux-gnu/6.4.0] ==> [/autofs/nccs-svm1_sw/summit/gcc/6.4.0/lib/gcc/powerpc64le-none-linux-gnu/6.4.0]
  collapse library dir [/autofs/nccs-svm1_sw/summit/gcc/6.4.0/bin/../lib/gcc] ==> [/autofs/nccs-svm1_sw/summit/gcc/6.4.0/lib/gcc]
  collapse library dir [/autofs/nccs-svm1_sw/summit/gcc/6.4.0/bin/../lib/gcc/powerpc64le-none-linux-gnu/6.4.0/../../../../lib64] ==> [/autofs/nccs-svm1_sw/summit/gcc/6.4.0/lib64]
  collapse library dir [/lib/../lib64] ==> [/lib64]
  collapse library dir [/usr/lib/../lib64] ==> [/usr/lib64]
  collapse library dir [/autofs/nccs-svm1_sw/summit/.swci/0-core/opt/spack/20180914/linux-rhel7-ppc64le/gcc-4.8.5/papi-5.7.0-7ycgvcx5n3zk2h4dz3koxjzl72exp2le/lib] ==> [/autofs/nccs-svm1_sw/summit/.swci/0-core/opt/spack/20180914/linux-rhel7-ppc64le/gcc-4.8.5/papi-5.7.0-7ycgvcx5n3zk2h4dz3koxjzl72exp2le/lib]
  collapse library dir [/autofs/nccs-svm1_sw/summit/.swci/1-compute/opt/spack/20180914/linux-rhel7-ppc64le/gcc-6.4.0/openblas-0.3.6-m5nxstrhkwmp6wkp4d2mx26v2beb25ni/lib] ==> [/autofs/nccs-svm1_sw/summit/.swci/1-compute/opt/spack/20180914/linux-rhel7-ppc64le/gcc-6.4.0/openblas-0.3.6-m5nxstrhkwmp6wkp4d2mx26v2beb25ni/lib]
  collapse library dir [/autofs/nccs-svm1_sw/summit/.swci/1-compute/opt/spack/20180914/linux-rhel7-ppc64le/gcc-6.4.0/boost-1.66.0-l6qu5nrynyuksm4ex7gswb6rsvvhsj42/lib] ==> [/autofs/nccs-svm1_sw/summit/.swci/1-compute/opt/spack/20180914/linux-rhel7-ppc64le/gcc-6.4.0/boost-1.66.0-l6qu5nrynyuksm4ex7gswb6rsvvhsj42/lib]
  collapse library dir [/autofs/nccs-svm1_sw/summit/.swci/1-compute/opt/spack/20180914/linux-rhel7-ppc64le/gcc-6.4.0/hdf5-1.10.4-qj7qoumocmjj2xkwbwotazo22sugeq5o/lib] ==> [/autofs/nccs-svm1_sw/summit/.swci/1-compute/opt/spack/20180914/linux-rhel7-ppc64le/gcc-6.4.0/hdf5-1.10.4-qj7qoumocmjj2xkwbwotazo22sugeq5o/lib]
  collapse library dir [/autofs/nccs-svm1_sw/summit/.swci/1-compute/opt/spack/20180914/linux-rhel7-ppc64le/gcc-6.4.0/spectrum-mpi-10.3.1.2-20200121-awz2q5brde7wgdqqw4ugalrkukeub4eb/lib] ==> [/autofs/nccs-svm1_sw/summit/.swci/1-compute/opt/spack/20180914/linux-rhel7-ppc64le/gcc-6.4.0/spectrum-mpi-10.3.1.2-20200121-awz2q5brde7wgdqqw4ugalrkukeub4eb/lib]
  collapse library dir [/autofs/nccs-svm1_sw/summit/gcc/6.4.0/bin/../lib/gcc/powerpc64le-none-linux-gnu/6.4.0/../../..] ==> [/autofs/nccs-svm1_sw/summit/gcc/6.4.0/lib]
  implicit libs: [gcc;gcc_s;c;gcc;gcc_s]
  implicit dirs: [/autofs/nccs-svm1_sw/summit/gcc/6.4.0/lib/gcc/powerpc64le-none-linux-gnu/6.4.0;/autofs/nccs-svm1_sw/summit/gcc/6.4.0/lib/gcc;/autofs/nccs-svm1_sw/summit/gcc/6.4.0/lib64;/lib64;/usr/lib64;/autofs/nccs-svm1_sw/summit/.swci/0-core/opt/spack/20180914/linux-rhel7-ppc64le/gcc-4.8.5/papi-5.7.0-7ycgvcx5n3zk2h4dz3koxjzl72exp2le/lib;/autofs/nccs-svm1_sw/summit/.swci/1-compute/opt/spack/20180914/linux-rhel7-ppc64le/gcc-6.4.0/openblas-0.3.6-m5nxstrhkwmp6wkp4d2mx26v2beb25ni/lib;/autofs/nccs-svm1_sw/summit/.swci/1-compute/opt/spack/20180914/linux-rhel7-ppc64le/gcc-6.4.0/boost-1.66.0-l6qu5nrynyuksm4ex7gswb6rsvvhsj42/lib;/autofs/nccs-svm1_sw/summit/.swci/1-compute/opt/spack/20180914/linux-rhel7-ppc64le/gcc-6.4.0/hdf5-1.10.4-qj7qoumocmjj2xkwbwotazo22sugeq5o/lib;/autofs/nccs-svm1_sw/summit/.swci/1-compute/opt/spack/20180914/linux-rhel7-ppc64le/gcc-6.4.0/spectrum-mpi-10.3.1.2-20200121-awz2q5brde7wgdqqw4ugalrkukeub4eb/lib;/autofs/nccs-svm1_sw/summit/gcc/6.4.0/lib]
  implicit fwks: []


Determining if the CXX compiler works passed with the following output:
Change Dir: /ccs/home/plot/parquant/Parallel-Quantum-Code/build/CMakeFiles/CMakeTmp

Run Build Command(s):/usr/bin/gmake cmTC_0d92c/fast && /usr/bin/gmake -f CMakeFiles/cmTC_0d92c.dir/build.make CMakeFiles/cmTC_0d92c.dir/build
gmake[1]: Entering directory `/autofs/nccs-svm1_home2/plot/parquant/Parallel-Quantum-Code/build/CMakeFiles/CMakeTmp'
Building CXX object CMakeFiles/cmTC_0d92c.dir/testCXXCompiler.cxx.o
/sw/summit/gcc/6.4.0/bin/g++     -o CMakeFiles/cmTC_0d92c.dir/testCXXCompiler.cxx.o -c /ccs/home/plot/parquant/Parallel-Quantum-Code/build/CMakeFiles/CMakeTmp/testCXXCompiler.cxx
Linking CXX executable cmTC_0d92c
/autofs/nccs-svm1_sw/summit/.swci/0-core/opt/spack/20180914/linux-rhel7-ppc64le/gcc-4.8.5/cmake-3.15.2-xit2o3iepxvqbyku77lwcugufilztu7t/bin/cmake -E cmake_link_script CMakeFiles/cmTC_0d92c.dir/link.txt --verbose=1
/sw/summit/gcc/6.4.0/bin/g++       CMakeFiles/cmTC_0d92c.dir/testCXXCompiler.cxx.o  -o cmTC_0d92c 
gmake[1]: Leaving directory `/autofs/nccs-svm1_home2/plot/parquant/Parallel-Quantum-Code/build/CMakeFiles/CMakeTmp'



Detecting CXX compiler ABI info compiled with the following output:
Change Dir: /ccs/home/plot/parquant/Parallel-Quantum-Code/build/CMakeFiles/CMakeTmp

Run Build Command(s):/usr/bin/gmake cmTC_95f39/fast && /usr/bin/gmake -f CMakeFiles/cmTC_95f39.dir/build.make CMakeFiles/cmTC_95f39.dir/build
gmake[1]: Entering directory `/autofs/nccs-svm1_home2/plot/parquant/Parallel-Quantum-Code/build/CMakeFiles/CMakeTmp'
Building CXX object CMakeFiles/cmTC_95f39.dir/CMakeCXXCompilerABI.cpp.o
/sw/summit/gcc/6.4.0/bin/g++    -v -o CMakeFiles/cmTC_95f39.dir/CMakeCXXCompilerABI.cpp.o -c /autofs/nccs-svm1_sw/summit/.swci/0-core/opt/spack/20180914/linux-rhel7-ppc64le/gcc-4.8.5/cmake-3.15.2-xit2o3iepxvqbyku77lwcugufilztu7t/share/cmake-3.15/Modules/CMakeCXXCompilerABI.cpp
Using built-in specs.
COLLECT_GCC=/sw/summit/gcc/6.4.0/bin/g++
OFFLOAD_TARGET_NAMES=nvptx-none
Target: powerpc64le-none-linux-gnu
Configured with: /sw/summit/gcc/6.4.0/src/gcc-6.4.0/configure --prefix=/sw/summit/gcc/6.4.0 --build=powerpc64le-none-linux-gnu --host=powerpc64le-none-linux-gnu --target=powerpc64le-none-linux-gnu --enable-offload-targets=nvptx-none --with-cuda-driver=/sw/summit/cuda/9.0.184 --disable-multilib CFLAGS=-m64
Thread model: posix
gcc version 6.4.0 (GCC) 
COLLECT_GCC_OPTIONS='-v' '-o' 'CMakeFiles/cmTC_95f39.dir/CMakeCXXCompilerABI.cpp.o' '-c' '-shared-libgcc'
 /autofs/nccs-svm1_sw/summit/gcc/6.4.0/bin/../libexec/gcc/powerpc64le-none-linux-gnu/6.4.0/cc1plus -quiet -v -iprefix /autofs/nccs-svm1_sw/summit/gcc/6.4.0/bin/../lib/gcc/powerpc64le-none-linux-gnu/6.4.0/ -D_GNU_SOURCE -D__unix__ -D__gnu_linux__ -D__linux__ -Dunix -D__unix -Dlinux -D__linux -Asystem=linux -Asystem=unix -Asystem=posix /autofs/nccs-svm1_sw/summit/.swci/0-core/opt/spack/20180914/linux-rhel7-ppc64le/gcc-4.8.5/cmake-3.15.2-xit2o3iepxvqbyku77lwcugufilztu7t/share/cmake-3.15/Modules/CMakeCXXCompilerABI.cpp -quiet -dumpbase CMakeCXXCompilerABI.cpp -auxbase-strip CMakeFiles/cmTC_95f39.dir/CMakeCXXCompilerABI.cpp.o -version -o /tmp/ccb5oTry.s
GNU C++14 (GCC) version 6.4.0 (powerpc64le-none-linux-gnu)
	compiled by GNU C version 6.4.0, GMP version 4.3.2, MPFR version 2.4.2, MPC version 0.8.1, isl version 0.15
GGC heuristics: --param ggc-min-expand=100 --param ggc-min-heapsize=131072
ignoring nonexistent directory "/autofs/nccs-svm1_sw/summit/gcc/6.4.0/bin/../lib/gcc/powerpc64le-none-linux-gnu/6.4.0/../../../../powerpc64le-none-linux-gnu/include"
ignoring duplicate directory "/autofs/nccs-svm1_sw/summit/gcc/6.4.0/bin/../lib/gcc/../../lib/gcc/powerpc64le-none-linux-gnu/6.4.0/../../../../include/c++/6.4.0"
ignoring duplicate directory "/autofs/nccs-svm1_sw/summit/gcc/6.4.0/bin/../lib/gcc/../../lib/gcc/powerpc64le-none-linux-gnu/6.4.0/../../../../include/c++/6.4.0/powerpc64le-none-linux-gnu"
ignoring duplicate directory "/autofs/nccs-svm1_sw/summit/gcc/6.4.0/bin/../lib/gcc/../../lib/gcc/powerpc64le-none-linux-gnu/6.4.0/../../../../include/c++/6.4.0/backward"
ignoring duplicate directory "/autofs/nccs-svm1_sw/summit/gcc/6.4.0/bin/../lib/gcc/../../lib/gcc/powerpc64le-none-linux-gnu/6.4.0/include"
ignoring duplicate directory "/autofs/nccs-svm1_sw/summit/gcc/6.4.0/bin/../lib/gcc/../../lib/gcc/powerpc64le-none-linux-gnu/6.4.0/include-fixed"
ignoring nonexistent directory "/autofs/nccs-svm1_sw/summit/gcc/6.4.0/bin/../lib/gcc/../../lib/gcc/powerpc64le-none-linux-gnu/6.4.0/../../../../powerpc64le-none-linux-gnu/include"
#include "..." search starts here:
#include <...> search starts here:
 /autofs/nccs-svm1_sw/summit/.swci/0-core/opt/spack/20180914/linux-rhel7-ppc64le/gcc-4.8.5/papi-5.7.0-7ycgvcx5n3zk2h4dz3koxjzl72exp2le/include
 /autofs/nccs-svm1_sw/summit/.swci/1-compute/opt/spack/20180914/linux-rhel7-ppc64le/gcc-6.4.0/openblas-0.3.6-m5nxstrhkwmp6wkp4d2mx26v2beb25ni/include
 /autofs/nccs-svm1_sw/summit/.swci/1-compute/opt/spack/20180914/linux-rhel7-ppc64le/gcc-6.4.0/boost-1.66.0-l6qu5nrynyuksm4ex7gswb6rsvvhsj42/include
 /autofs/nccs-svm1_sw/summit/.swci/1-compute/opt/spack/20180914/linux-rhel7-ppc64le/gcc-6.4.0/hdf5-1.10.4-qj7qoumocmjj2xkwbwotazo22sugeq5o/include
 /sw/summit/cuda/10.1.168/include
 /autofs/nccs-svm1_sw/summit/.swci/1-compute/opt/spack/20180914/linux-rhel7-ppc64le/gcc-6.4.0/spectrum-mpi-10.3.1.2-20200121-awz2q5brde7wgdqqw4ugalrkukeub4eb/include
 /autofs/nccs-svm1_sw/summit/gcc/6.4.0/bin/../lib/gcc/powerpc64le-none-linux-gnu/6.4.0/../../../../include/c++/6.4.0
 /autofs/nccs-svm1_sw/summit/gcc/6.4.0/bin/../lib/gcc/powerpc64le-none-linux-gnu/6.4.0/../../../../include/c++/6.4.0/powerpc64le-none-linux-gnu
 /autofs/nccs-svm1_sw/summit/gcc/6.4.0/bin/../lib/gcc/powerpc64le-none-linux-gnu/6.4.0/../../../../include/c++/6.4.0/backward
 /autofs/nccs-svm1_sw/summit/gcc/6.4.0/bin/../lib/gcc/powerpc64le-none-linux-gnu/6.4.0/include
 /autofs/nccs-svm1_sw/summit/gcc/6.4.0/bin/../lib/gcc/powerpc64le-none-linux-gnu/6.4.0/include-fixed
 /usr/local/include
 /autofs/nccs-svm1_sw/summit/gcc/6.4.0/bin/../lib/gcc/../../include
 /usr/include
End of search list.
GNU C++14 (GCC) version 6.4.0 (powerpc64le-none-linux-gnu)
	compiled by GNU C version 6.4.0, GMP version 4.3.2, MPFR version 2.4.2, MPC version 0.8.1, isl version 0.15
GGC heuristics: --param ggc-min-expand=100 --param ggc-min-heapsize=131072
Compiler executable checksum: da6ed26cc5fa6a4766bb731cfb0c2dd3
COLLECT_GCC_OPTIONS='-v' '-o' 'CMakeFiles/cmTC_95f39.dir/CMakeCXXCompilerABI.cpp.o' '-c' '-shared-libgcc'
 as -v -a64 -mppc64 -many -mlittle -o CMakeFiles/cmTC_95f39.dir/CMakeCXXCompilerABI.cpp.o /tmp/ccb5oTry.s
GNU assembler version 2.27 (ppc64le-redhat-linux) using BFD version version 2.27-34.base.el7_6.1
COMPILER_PATH=/autofs/nccs-svm1_sw/summit/gcc/6.4.0/bin/../libexec/gcc/powerpc64le-none-linux-gnu/6.4.0/:/autofs/nccs-svm1_sw/summit/gcc/6.4.0/bin/../libexec/gcc/
LIBRARY_PATH=/autofs/nccs-svm1_sw/summit/gcc/6.4.0/bin/../lib/gcc/powerpc64le-none-linux-gnu/6.4.0/:/autofs/nccs-svm1_sw/summit/gcc/6.4.0/bin/../lib/gcc/:/autofs/nccs-svm1_sw/summit/gcc/6.4.0/bin/../lib/gcc/powerpc64le-none-linux-gnu/6.4.0/../../../../lib64/:/lib/../lib64/:/usr/lib/../lib64/:/autofs/nccs-svm1_sw/summit/.swci/0-core/opt/spack/20180914/linux-rhel7-ppc64le/gcc-4.8.5/papi-5.7.0-7ycgvcx5n3zk2h4dz3koxjzl72exp2le/lib/:/autofs/nccs-svm1_sw/summit/.swci/1-compute/opt/spack/20180914/linux-rhel7-ppc64le/gcc-6.4.0/openblas-0.3.6-m5nxstrhkwmp6wkp4d2mx26v2beb25ni/lib/:/autofs/nccs-svm1_sw/summit/.swci/1-compute/opt/spack/20180914/linux-rhel7-ppc64le/gcc-6.4.0/boost-1.66.0-l6qu5nrynyuksm4ex7gswb6rsvvhsj42/lib/:/autofs/nccs-svm1_sw/summit/.swci/1-compute/opt/spack/20180914/linux-rhel7-ppc64le/gcc-6.4.0/hdf5-1.10.4-qj7qoumocmjj2xkwbwotazo22sugeq5o/lib/:/autofs/nccs-svm1_sw/summit/.swci/1-compute/opt/spack/20180914/linux-rhel7-ppc64le/gcc-6.4.0/spectrum-mpi-10.3.1.2-20200121-awz2q5brde7wgdqqw4ugalrkukeub4eb/lib/:/autofs/nccs-svm1_sw/summit/gcc/6.4.0/bin/../lib/gcc/powerpc64le-none-linux-gnu/6.4.0/../../../:/lib/:/usr/lib/
COLLECT_GCC_OPTIONS='-v' '-o' 'CMakeFiles/cmTC_95f39.dir/CMakeCXXCompilerABI.cpp.o' '-c' '-shared-libgcc'
Linking CXX executable cmTC_95f39
/autofs/nccs-svm1_sw/summit/.swci/0-core/opt/spack/20180914/linux-rhel7-ppc64le/gcc-4.8.5/cmake-3.15.2-xit2o3iepxvqbyku77lwcugufilztu7t/bin/cmake -E cmake_link_script CMakeFiles/cmTC_95f39.dir/link.txt --verbose=1
/sw/summit/gcc/6.4.0/bin/g++      -v CMakeFiles/cmTC_95f39.dir/CMakeCXXCompilerABI.cpp.o  -o cmTC_95f39 
Using built-in specs.
COLLECT_GCC=/sw/summit/gcc/6.4.0/bin/g++
COLLECT_LTO_WRAPPER=/autofs/nccs-svm1_sw/summit/gcc/6.4.0/bin/../libexec/gcc/powerpc64le-none-linux-gnu/6.4.0/lto-wrapper
OFFLOAD_TARGET_NAMES=nvptx-none
Target: powerpc64le-none-linux-gnu
Configured with: /sw/summit/gcc/6.4.0/src/gcc-6.4.0/configure --prefix=/sw/summit/gcc/6.4.0 --build=powerpc64le-none-linux-gnu --host=powerpc64le-none-linux-gnu --target=powerpc64le-none-linux-gnu --enable-offload-targets=nvptx-none --with-cuda-driver=/sw/summit/cuda/9.0.184 --disable-multilib CFLAGS=-m64
Thread model: posix
gcc version 6.4.0 (GCC) 
COMPILER_PATH=/autofs/nccs-svm1_sw/summit/gcc/6.4.0/bin/../libexec/gcc/powerpc64le-none-linux-gnu/6.4.0/:/autofs/nccs-svm1_sw/summit/gcc/6.4.0/bin/../libexec/gcc/
LIBRARY_PATH=/autofs/nccs-svm1_sw/summit/gcc/6.4.0/bin/../lib/gcc/powerpc64le-none-linux-gnu/6.4.0/:/autofs/nccs-svm1_sw/summit/gcc/6.4.0/bin/../lib/gcc/:/autofs/nccs-svm1_sw/summit/gcc/6.4.0/bin/../lib/gcc/powerpc64le-none-linux-gnu/6.4.0/../../../../lib64/:/lib/../lib64/:/usr/lib/../lib64/:/autofs/nccs-svm1_sw/summit/.swci/0-core/opt/spack/20180914/linux-rhel7-ppc64le/gcc-4.8.5/papi-5.7.0-7ycgvcx5n3zk2h4dz3koxjzl72exp2le/lib/:/autofs/nccs-svm1_sw/summit/.swci/1-compute/opt/spack/20180914/linux-rhel7-ppc64le/gcc-6.4.0/openblas-0.3.6-m5nxstrhkwmp6wkp4d2mx26v2beb25ni/lib/:/autofs/nccs-svm1_sw/summit/.swci/1-compute/opt/spack/20180914/linux-rhel7-ppc64le/gcc-6.4.0/boost-1.66.0-l6qu5nrynyuksm4ex7gswb6rsvvhsj42/lib/:/autofs/nccs-svm1_sw/summit/.swci/1-compute/opt/spack/20180914/linux-rhel7-ppc64le/gcc-6.4.0/hdf5-1.10.4-qj7qoumocmjj2xkwbwotazo22sugeq5o/lib/:/autofs/nccs-svm1_sw/summit/.swci/1-compute/opt/spack/20180914/linux-rhel7-ppc64le/gcc-6.4.0/spectrum-mpi-10.3.1.2-20200121-awz2q5brde7wgdqqw4ugalrkukeub4eb/lib/:/autofs/nccs-svm1_sw/summit/gcc/6.4.0/bin/../lib/gcc/powerpc64le-none-linux-gnu/6.4.0/../../../:/lib/:/usr/lib/
COLLECT_GCC_OPTIONS='-v' '-o' 'cmTC_95f39' '-shared-libgcc'
 /autofs/nccs-svm1_sw/summit/gcc/6.4.0/bin/../libexec/gcc/powerpc64le-none-linux-gnu/6.4.0/collect2 -plugin /autofs/nccs-svm1_sw/summit/gcc/6.4.0/bin/../libexec/gcc/powerpc64le-none-linux-gnu/6.4.0/liblto_plugin.so -plugin-opt=/autofs/nccs-svm1_sw/summit/gcc/6.4.0/bin/../libexec/gcc/powerpc64le-none-linux-gnu/6.4.0/lto-wrapper -plugin-opt=-fresolution=/tmp/ccDyLnEE.res -plugin-opt=-pass-through=-lgcc_s -plugin-opt=-pass-through=-lgcc -plugin-opt=-pass-through=-lc -plugin-opt=-pass-through=-lgcc_s -plugin-opt=-pass-through=-lgcc --eh-frame-hdr -V -m elf64lppc -dynamic-linker /lib64/ld64.so.2 -o cmTC_95f39 /lib/../lib64/crt1.o /lib/../lib64/crti.o /autofs/nccs-svm1_sw/summit/gcc/6.4.0/bin/../lib/gcc/powerpc64le-none-linux-gnu/6.4.0/crtbegin.o -L/autofs/nccs-svm1_sw/summit/gcc/6.4.0/bin/../lib/gcc/powerpc64le-none-linux-gnu/6.4.0 -L/autofs/nccs-svm1_sw/summit/gcc/6.4.0/bin/../lib/gcc -L/autofs/nccs-svm1_sw/summit/gcc/6.4.0/bin/../lib/gcc/powerpc64le-none-linux-gnu/6.4.0/../../../../lib64 -L/lib/../lib64 -L/usr/lib/../lib64 -L/autofs/nccs-svm1_sw/summit/.swci/0-core/opt/spack/20180914/linux-rhel7-ppc64le/gcc-4.8.5/papi-5.7.0-7ycgvcx5n3zk2h4dz3koxjzl72exp2le/lib -L/autofs/nccs-svm1_sw/summit/.swci/1-compute/opt/spack/20180914/linux-rhel7-ppc64le/gcc-6.4.0/openblas-0.3.6-m5nxstrhkwmp6wkp4d2mx26v2beb25ni/lib -L/autofs/nccs-svm1_sw/summit/.swci/1-compute/opt/spack/20180914/linux-rhel7-ppc64le/gcc-6.4.0/boost-1.66.0-l6qu5nrynyuksm4ex7gswb6rsvvhsj42/lib -L/autofs/nccs-svm1_sw/summit/.swci/1-compute/opt/spack/20180914/linux-rhel7-ppc64le/gcc-6.4.0/hdf5-1.10.4-qj7qoumocmjj2xkwbwotazo22sugeq5o/lib -L/autofs/nccs-svm1_sw/summit/.swci/1-compute/opt/spack/20180914/linux-rhel7-ppc64le/gcc-6.4.0/spectrum-mpi-10.3.1.2-20200121-awz2q5brde7wgdqqw4ugalrkukeub4eb/lib -L/autofs/nccs-svm1_sw/summit/gcc/6.4.0/bin/../lib/gcc/powerpc64le-none-linux-gnu/6.4.0/../../.. CMakeFiles/cmTC_95f39.dir/CMakeCXXCompilerABI.cpp.o -lstdc++ -lm -lgcc_s -lgcc -lc -lgcc_s -lgcc /autofs/nccs-svm1_sw/summit/gcc/6.4.0/bin/../lib/gcc/powerpc64le-none-linux-gnu/6.4.0/crtend.o /lib/../lib64/crtn.o
COLLECT_GCC_OPTIONS='-v' '-o' 'cmTC_95f39' '-shared-libgcc'
gmake[1]: Leaving directory `/autofs/nccs-svm1_home2/plot/parquant/Parallel-Quantum-Code/build/CMakeFiles/CMakeTmp'



Parsed CXX implicit include dir info from above output: rv=done
  found start of include info
  found start of implicit include info
    add: [/autofs/nccs-svm1_sw/summit/.swci/0-core/opt/spack/20180914/linux-rhel7-ppc64le/gcc-4.8.5/papi-5.7.0-7ycgvcx5n3zk2h4dz3koxjzl72exp2le/include]
    add: [/autofs/nccs-svm1_sw/summit/.swci/1-compute/opt/spack/20180914/linux-rhel7-ppc64le/gcc-6.4.0/openblas-0.3.6-m5nxstrhkwmp6wkp4d2mx26v2beb25ni/include]
    add: [/autofs/nccs-svm1_sw/summit/.swci/1-compute/opt/spack/20180914/linux-rhel7-ppc64le/gcc-6.4.0/boost-1.66.0-l6qu5nrynyuksm4ex7gswb6rsvvhsj42/include]
    add: [/autofs/nccs-svm1_sw/summit/.swci/1-compute/opt/spack/20180914/linux-rhel7-ppc64le/gcc-6.4.0/hdf5-1.10.4-qj7qoumocmjj2xkwbwotazo22sugeq5o/include]
    add: [/sw/summit/cuda/10.1.168/include]
    add: [/autofs/nccs-svm1_sw/summit/.swci/1-compute/opt/spack/20180914/linux-rhel7-ppc64le/gcc-6.4.0/spectrum-mpi-10.3.1.2-20200121-awz2q5brde7wgdqqw4ugalrkukeub4eb/include]
    add: [/autofs/nccs-svm1_sw/summit/gcc/6.4.0/bin/../lib/gcc/powerpc64le-none-linux-gnu/6.4.0/../../../../include/c++/6.4.0]
    add: [/autofs/nccs-svm1_sw/summit/gcc/6.4.0/bin/../lib/gcc/powerpc64le-none-linux-gnu/6.4.0/../../../../include/c++/6.4.0/powerpc64le-none-linux-gnu]
    add: [/autofs/nccs-svm1_sw/summit/gcc/6.4.0/bin/../lib/gcc/powerpc64le-none-linux-gnu/6.4.0/../../../../include/c++/6.4.0/backward]
    add: [/autofs/nccs-svm1_sw/summit/gcc/6.4.0/bin/../lib/gcc/powerpc64le-none-linux-gnu/6.4.0/include]
    add: [/autofs/nccs-svm1_sw/summit/gcc/6.4.0/bin/../lib/gcc/powerpc64le-none-linux-gnu/6.4.0/include-fixed]
    add: [/usr/local/include]
    add: [/autofs/nccs-svm1_sw/summit/gcc/6.4.0/bin/../lib/gcc/../../include]
    add: [/usr/include]
  end of search list found
  collapse include dir [/autofs/nccs-svm1_sw/summit/.swci/0-core/opt/spack/20180914/linux-rhel7-ppc64le/gcc-4.8.5/papi-5.7.0-7ycgvcx5n3zk2h4dz3koxjzl72exp2le/include] ==> [/autofs/nccs-svm1_sw/summit/.swci/0-core/opt/spack/20180914/linux-rhel7-ppc64le/gcc-4.8.5/papi-5.7.0-7ycgvcx5n3zk2h4dz3koxjzl72exp2le/include]
  collapse include dir [/autofs/nccs-svm1_sw/summit/.swci/1-compute/opt/spack/20180914/linux-rhel7-ppc64le/gcc-6.4.0/openblas-0.3.6-m5nxstrhkwmp6wkp4d2mx26v2beb25ni/include] ==> [/autofs/nccs-svm1_sw/summit/.swci/1-compute/opt/spack/20180914/linux-rhel7-ppc64le/gcc-6.4.0/openblas-0.3.6-m5nxstrhkwmp6wkp4d2mx26v2beb25ni/include]
  collapse include dir [/autofs/nccs-svm1_sw/summit/.swci/1-compute/opt/spack/20180914/linux-rhel7-ppc64le/gcc-6.4.0/boost-1.66.0-l6qu5nrynyuksm4ex7gswb6rsvvhsj42/include] ==> [/autofs/nccs-svm1_sw/summit/.swci/1-compute/opt/spack/20180914/linux-rhel7-ppc64le/gcc-6.4.0/boost-1.66.0-l6qu5nrynyuksm4ex7gswb6rsvvhsj42/include]
  collapse include dir [/autofs/nccs-svm1_sw/summit/.swci/1-compute/opt/spack/20180914/linux-rhel7-ppc64le/gcc-6.4.0/hdf5-1.10.4-qj7qoumocmjj2xkwbwotazo22sugeq5o/include] ==> [/autofs/nccs-svm1_sw/summit/.swci/1-compute/opt/spack/20180914/linux-rhel7-ppc64le/gcc-6.4.0/hdf5-1.10.4-qj7qoumocmjj2xkwbwotazo22sugeq5o/include]
  collapse include dir [/sw/summit/cuda/10.1.168/include] ==> [/sw/summit/cuda/10.1.168/include]
  collapse include dir [/autofs/nccs-svm1_sw/summit/.swci/1-compute/opt/spack/20180914/linux-rhel7-ppc64le/gcc-6.4.0/spectrum-mpi-10.3.1.2-20200121-awz2q5brde7wgdqqw4ugalrkukeub4eb/include] ==> [/autofs/nccs-svm1_sw/summit/.swci/1-compute/opt/spack/20180914/linux-rhel7-ppc64le/gcc-6.4.0/spectrum-mpi-10.3.1.2-20200121-awz2q5brde7wgdqqw4ugalrkukeub4eb/include]
  collapse include dir [/autofs/nccs-svm1_sw/summit/gcc/6.4.0/bin/../lib/gcc/powerpc64le-none-linux-gnu/6.4.0/../../../../include/c++/6.4.0] ==> [/autofs/nccs-svm1_sw/summit/gcc/6.4.0/include/c++/6.4.0]
  collapse include dir [/autofs/nccs-svm1_sw/summit/gcc/6.4.0/bin/../lib/gcc/powerpc64le-none-linux-gnu/6.4.0/../../../../include/c++/6.4.0/powerpc64le-none-linux-gnu] ==> [/autofs/nccs-svm1_sw/summit/gcc/6.4.0/include/c++/6.4.0/powerpc64le-none-linux-gnu]
  collapse include dir [/autofs/nccs-svm1_sw/summit/gcc/6.4.0/bin/../lib/gcc/powerpc64le-none-linux-gnu/6.4.0/../../../../include/c++/6.4.0/backward] ==> [/autofs/nccs-svm1_sw/summit/gcc/6.4.0/include/c++/6.4.0/backward]
  collapse include dir [/autofs/nccs-svm1_sw/summit/gcc/6.4.0/bin/../lib/gcc/powerpc64le-none-linux-gnu/6.4.0/include] ==> [/autofs/nccs-svm1_sw/summit/gcc/6.4.0/lib/gcc/powerpc64le-none-linux-gnu/6.4.0/include]
  collapse include dir [/autofs/nccs-svm1_sw/summit/gcc/6.4.0/bin/../lib/gcc/powerpc64le-none-linux-gnu/6.4.0/include-fixed] ==> [/autofs/nccs-svm1_sw/summit/gcc/6.4.0/lib/gcc/powerpc64le-none-linux-gnu/6.4.0/include-fixed]
  collapse include dir [/usr/local/include] ==> [/usr/local/include]
  collapse include dir [/autofs/nccs-svm1_sw/summit/gcc/6.4.0/bin/../lib/gcc/../../include] ==> [/autofs/nccs-svm1_sw/summit/gcc/6.4.0/include]
  collapse include dir [/usr/include] ==> [/usr/include]
  implicit include dirs: [/autofs/nccs-svm1_sw/summit/.swci/0-core/opt/spack/20180914/linux-rhel7-ppc64le/gcc-4.8.5/papi-5.7.0-7ycgvcx5n3zk2h4dz3koxjzl72exp2le/include;/autofs/nccs-svm1_sw/summit/.swci/1-compute/opt/spack/20180914/linux-rhel7-ppc64le/gcc-6.4.0/openblas-0.3.6-m5nxstrhkwmp6wkp4d2mx26v2beb25ni/include;/autofs/nccs-svm1_sw/summit/.swci/1-compute/opt/spack/20180914/linux-rhel7-ppc64le/gcc-6.4.0/boost-1.66.0-l6qu5nrynyuksm4ex7gswb6rsvvhsj42/include;/autofs/nccs-svm1_sw/summit/.swci/1-compute/opt/spack/20180914/linux-rhel7-ppc64le/gcc-6.4.0/hdf5-1.10.4-qj7qoumocmjj2xkwbwotazo22sugeq5o/include;/sw/summit/cuda/10.1.168/include;/autofs/nccs-svm1_sw/summit/.swci/1-compute/opt/spack/20180914/linux-rhel7-ppc64le/gcc-6.4.0/spectrum-mpi-10.3.1.2-20200121-awz2q5brde7wgdqqw4ugalrkukeub4eb/include;/autofs/nccs-svm1_sw/summit/gcc/6.4.0/include/c++/6.4.0;/autofs/nccs-svm1_sw/summit/gcc/6.4.0/include/c++/6.4.0/powerpc64le-none-linux-gnu;/autofs/nccs-svm1_sw/summit/gcc/6.4.0/include/c++/6.4.0/backward;/autofs/nccs-svm1_sw/summit/gcc/6.4.0/lib/gcc/powerpc64le-none-linux-gnu/6.4.0/include;/autofs/nccs-svm1_sw/summit/gcc/6.4.0/lib/gcc/powerpc64le-none-linux-gnu/6.4.0/include-fixed;/usr/local/include;/autofs/nccs-svm1_sw/summit/gcc/6.4.0/include;/usr/include]


Parsed CXX implicit link information from above output:
  link line regex: [^( *|.*[/\])(ld|CMAKE_LINK_STARTFILE-NOTFOUND|([^/\]+-)?ld|collect2)[^/\]*( |$)]
  ignore line: [Change Dir: /ccs/home/plot/parquant/Parallel-Quantum-Code/build/CMakeFiles/CMakeTmp]
  ignore line: []
  ignore line: [Run Build Command(s):/usr/bin/gmake cmTC_95f39/fast && /usr/bin/gmake -f CMakeFiles/cmTC_95f39.dir/build.make CMakeFiles/cmTC_95f39.dir/build]
  ignore line: [gmake[1]: Entering directory `/autofs/nccs-svm1_home2/plot/parquant/Parallel-Quantum-Code/build/CMakeFiles/CMakeTmp']
  ignore line: [Building CXX object CMakeFiles/cmTC_95f39.dir/CMakeCXXCompilerABI.cpp.o]
  ignore line: [/sw/summit/gcc/6.4.0/bin/g++    -v -o CMakeFiles/cmTC_95f39.dir/CMakeCXXCompilerABI.cpp.o -c /autofs/nccs-svm1_sw/summit/.swci/0-core/opt/spack/20180914/linux-rhel7-ppc64le/gcc-4.8.5/cmake-3.15.2-xit2o3iepxvqbyku77lwcugufilztu7t/share/cmake-3.15/Modules/CMakeCXXCompilerABI.cpp]
  ignore line: [Using built-in specs.]
  ignore line: [COLLECT_GCC=/sw/summit/gcc/6.4.0/bin/g++]
  ignore line: [OFFLOAD_TARGET_NAMES=nvptx-none]
  ignore line: [Target: powerpc64le-none-linux-gnu]
  ignore line: [Configured with: /sw/summit/gcc/6.4.0/src/gcc-6.4.0/configure --prefix=/sw/summit/gcc/6.4.0 --build=powerpc64le-none-linux-gnu --host=powerpc64le-none-linux-gnu --target=powerpc64le-none-linux-gnu --enable-offload-targets=nvptx-none --with-cuda-driver=/sw/summit/cuda/9.0.184 --disable-multilib CFLAGS=-m64]
  ignore line: [Thread model: posix]
  ignore line: [gcc version 6.4.0 (GCC) ]
  ignore line: [COLLECT_GCC_OPTIONS='-v' '-o' 'CMakeFiles/cmTC_95f39.dir/CMakeCXXCompilerABI.cpp.o' '-c' '-shared-libgcc']
  ignore line: [ /autofs/nccs-svm1_sw/summit/gcc/6.4.0/bin/../libexec/gcc/powerpc64le-none-linux-gnu/6.4.0/cc1plus -quiet -v -iprefix /autofs/nccs-svm1_sw/summit/gcc/6.4.0/bin/../lib/gcc/powerpc64le-none-linux-gnu/6.4.0/ -D_GNU_SOURCE -D__unix__ -D__gnu_linux__ -D__linux__ -Dunix -D__unix -Dlinux -D__linux -Asystem=linux -Asystem=unix -Asystem=posix /autofs/nccs-svm1_sw/summit/.swci/0-core/opt/spack/20180914/linux-rhel7-ppc64le/gcc-4.8.5/cmake-3.15.2-xit2o3iepxvqbyku77lwcugufilztu7t/share/cmake-3.15/Modules/CMakeCXXCompilerABI.cpp -quiet -dumpbase CMakeCXXCompilerABI.cpp -auxbase-strip CMakeFiles/cmTC_95f39.dir/CMakeCXXCompilerABI.cpp.o -version -o /tmp/ccb5oTry.s]
  ignore line: [GNU C++14 (GCC) version 6.4.0 (powerpc64le-none-linux-gnu)]
  ignore line: [	compiled by GNU C version 6.4.0, GMP version 4.3.2, MPFR version 2.4.2, MPC version 0.8.1, isl version 0.15]
  ignore line: [GGC heuristics: --param ggc-min-expand=100 --param ggc-min-heapsize=131072]
  ignore line: [ignoring nonexistent directory "/autofs/nccs-svm1_sw/summit/gcc/6.4.0/bin/../lib/gcc/powerpc64le-none-linux-gnu/6.4.0/../../../../powerpc64le-none-linux-gnu/include"]
  ignore line: [ignoring duplicate directory "/autofs/nccs-svm1_sw/summit/gcc/6.4.0/bin/../lib/gcc/../../lib/gcc/powerpc64le-none-linux-gnu/6.4.0/../../../../include/c++/6.4.0"]
  ignore line: [ignoring duplicate directory "/autofs/nccs-svm1_sw/summit/gcc/6.4.0/bin/../lib/gcc/../../lib/gcc/powerpc64le-none-linux-gnu/6.4.0/../../../../include/c++/6.4.0/powerpc64le-none-linux-gnu"]
  ignore line: [ignoring duplicate directory "/autofs/nccs-svm1_sw/summit/gcc/6.4.0/bin/../lib/gcc/../../lib/gcc/powerpc64le-none-linux-gnu/6.4.0/../../../../include/c++/6.4.0/backward"]
  ignore line: [ignoring duplicate directory "/autofs/nccs-svm1_sw/summit/gcc/6.4.0/bin/../lib/gcc/../../lib/gcc/powerpc64le-none-linux-gnu/6.4.0/include"]
  ignore line: [ignoring duplicate directory "/autofs/nccs-svm1_sw/summit/gcc/6.4.0/bin/../lib/gcc/../../lib/gcc/powerpc64le-none-linux-gnu/6.4.0/include-fixed"]
  ignore line: [ignoring nonexistent directory "/autofs/nccs-svm1_sw/summit/gcc/6.4.0/bin/../lib/gcc/../../lib/gcc/powerpc64le-none-linux-gnu/6.4.0/../../../../powerpc64le-none-linux-gnu/include"]
  ignore line: [#include "..." search starts here:]
  ignore line: [#include <...> search starts here:]
  ignore line: [ /autofs/nccs-svm1_sw/summit/.swci/0-core/opt/spack/20180914/linux-rhel7-ppc64le/gcc-4.8.5/papi-5.7.0-7ycgvcx5n3zk2h4dz3koxjzl72exp2le/include]
  ignore line: [ /autofs/nccs-svm1_sw/summit/.swci/1-compute/opt/spack/20180914/linux-rhel7-ppc64le/gcc-6.4.0/openblas-0.3.6-m5nxstrhkwmp6wkp4d2mx26v2beb25ni/include]
  ignore line: [ /autofs/nccs-svm1_sw/summit/.swci/1-compute/opt/spack/20180914/linux-rhel7-ppc64le/gcc-6.4.0/boost-1.66.0-l6qu5nrynyuksm4ex7gswb6rsvvhsj42/include]
  ignore line: [ /autofs/nccs-svm1_sw/summit/.swci/1-compute/opt/spack/20180914/linux-rhel7-ppc64le/gcc-6.4.0/hdf5-1.10.4-qj7qoumocmjj2xkwbwotazo22sugeq5o/include]
  ignore line: [ /sw/summit/cuda/10.1.168/include]
  ignore line: [ /autofs/nccs-svm1_sw/summit/.swci/1-compute/opt/spack/20180914/linux-rhel7-ppc64le/gcc-6.4.0/spectrum-mpi-10.3.1.2-20200121-awz2q5brde7wgdqqw4ugalrkukeub4eb/include]
  ignore line: [ /autofs/nccs-svm1_sw/summit/gcc/6.4.0/bin/../lib/gcc/powerpc64le-none-linux-gnu/6.4.0/../../../../include/c++/6.4.0]
  ignore line: [ /autofs/nccs-svm1_sw/summit/gcc/6.4.0/bin/../lib/gcc/powerpc64le-none-linux-gnu/6.4.0/../../../../include/c++/6.4.0/powerpc64le-none-linux-gnu]
  ignore line: [ /autofs/nccs-svm1_sw/summit/gcc/6.4.0/bin/../lib/gcc/powerpc64le-none-linux-gnu/6.4.0/../../../../include/c++/6.4.0/backward]
  ignore line: [ /autofs/nccs-svm1_sw/summit/gcc/6.4.0/bin/../lib/gcc/powerpc64le-none-linux-gnu/6.4.0/include]
  ignore line: [ /autofs/nccs-svm1_sw/summit/gcc/6.4.0/bin/../lib/gcc/powerpc64le-none-linux-gnu/6.4.0/include-fixed]
  ignore line: [ /usr/local/include]
  ignore line: [ /autofs/nccs-svm1_sw/summit/gcc/6.4.0/bin/../lib/gcc/../../include]
  ignore line: [ /usr/include]
  ignore line: [End of search list.]
  ignore line: [GNU C++14 (GCC) version 6.4.0 (powerpc64le-none-linux-gnu)]
  ignore line: [	compiled by GNU C version 6.4.0, GMP version 4.3.2, MPFR version 2.4.2, MPC version 0.8.1, isl version 0.15]
  ignore line: [GGC heuristics: --param ggc-min-expand=100 --param ggc-min-heapsize=131072]
  ignore line: [Compiler executable checksum: da6ed26cc5fa6a4766bb731cfb0c2dd3]
  ignore line: [COLLECT_GCC_OPTIONS='-v' '-o' 'CMakeFiles/cmTC_95f39.dir/CMakeCXXCompilerABI.cpp.o' '-c' '-shared-libgcc']
  ignore line: [ as -v -a64 -mppc64 -many -mlittle -o CMakeFiles/cmTC_95f39.dir/CMakeCXXCompilerABI.cpp.o /tmp/ccb5oTry.s]
  ignore line: [GNU assembler version 2.27 (ppc64le-redhat-linux) using BFD version version 2.27-34.base.el7_6.1]
  ignore line: [COMPILER_PATH=/autofs/nccs-svm1_sw/summit/gcc/6.4.0/bin/../libexec/gcc/powerpc64le-none-linux-gnu/6.4.0/:/autofs/nccs-svm1_sw/summit/gcc/6.4.0/bin/../libexec/gcc/]
  ignore line: [LIBRARY_PATH=/autofs/nccs-svm1_sw/summit/gcc/6.4.0/bin/../lib/gcc/powerpc64le-none-linux-gnu/6.4.0/:/autofs/nccs-svm1_sw/summit/gcc/6.4.0/bin/../lib/gcc/:/autofs/nccs-svm1_sw/summit/gcc/6.4.0/bin/../lib/gcc/powerpc64le-none-linux-gnu/6.4.0/../../../../lib64/:/lib/../lib64/:/usr/lib/../lib64/:/autofs/nccs-svm1_sw/summit/.swci/0-core/opt/spack/20180914/linux-rhel7-ppc64le/gcc-4.8.5/papi-5.7.0-7ycgvcx5n3zk2h4dz3koxjzl72exp2le/lib/:/autofs/nccs-svm1_sw/summit/.swci/1-compute/opt/spack/20180914/linux-rhel7-ppc64le/gcc-6.4.0/openblas-0.3.6-m5nxstrhkwmp6wkp4d2mx26v2beb25ni/lib/:/autofs/nccs-svm1_sw/summit/.swci/1-compute/opt/spack/20180914/linux-rhel7-ppc64le/gcc-6.4.0/boost-1.66.0-l6qu5nrynyuksm4ex7gswb6rsvvhsj42/lib/:/autofs/nccs-svm1_sw/summit/.swci/1-compute/opt/spack/20180914/linux-rhel7-ppc64le/gcc-6.4.0/hdf5-1.10.4-qj7qoumocmjj2xkwbwotazo22sugeq5o/lib/:/autofs/nccs-svm1_sw/summit/.swci/1-compute/opt/spack/20180914/linux-rhel7-ppc64le/gcc-6.4.0/spectrum-mpi-10.3.1.2-20200121-awz2q5brde7wgdqqw4ugalrkukeub4eb/lib/:/autofs/nccs-svm1_sw/summit/gcc/6.4.0/bin/../lib/gcc/powerpc64le-none-linux-gnu/6.4.0/../../../:/lib/:/usr/lib/]
  ignore line: [COLLECT_GCC_OPTIONS='-v' '-o' 'CMakeFiles/cmTC_95f39.dir/CMakeCXXCompilerABI.cpp.o' '-c' '-shared-libgcc']
  ignore line: [Linking CXX executable cmTC_95f39]
  ignore line: [/autofs/nccs-svm1_sw/summit/.swci/0-core/opt/spack/20180914/linux-rhel7-ppc64le/gcc-4.8.5/cmake-3.15.2-xit2o3iepxvqbyku77lwcugufilztu7t/bin/cmake -E cmake_link_script CMakeFiles/cmTC_95f39.dir/link.txt --verbose=1]
  ignore line: [/sw/summit/gcc/6.4.0/bin/g++      -v CMakeFiles/cmTC_95f39.dir/CMakeCXXCompilerABI.cpp.o  -o cmTC_95f39 ]
  ignore line: [Using built-in specs.]
  ignore line: [COLLECT_GCC=/sw/summit/gcc/6.4.0/bin/g++]
  ignore line: [COLLECT_LTO_WRAPPER=/autofs/nccs-svm1_sw/summit/gcc/6.4.0/bin/../libexec/gcc/powerpc64le-none-linux-gnu/6.4.0/lto-wrapper]
  ignore line: [OFFLOAD_TARGET_NAMES=nvptx-none]
  ignore line: [Target: powerpc64le-none-linux-gnu]
  ignore line: [Configured with: /sw/summit/gcc/6.4.0/src/gcc-6.4.0/configure --prefix=/sw/summit/gcc/6.4.0 --build=powerpc64le-none-linux-gnu --host=powerpc64le-none-linux-gnu --target=powerpc64le-none-linux-gnu --enable-offload-targets=nvptx-none --with-cuda-driver=/sw/summit/cuda/9.0.184 --disable-multilib CFLAGS=-m64]
  ignore line: [Thread model: posix]
  ignore line: [gcc version 6.4.0 (GCC) ]
  ignore line: [COMPILER_PATH=/autofs/nccs-svm1_sw/summit/gcc/6.4.0/bin/../libexec/gcc/powerpc64le-none-linux-gnu/6.4.0/:/autofs/nccs-svm1_sw/summit/gcc/6.4.0/bin/../libexec/gcc/]
  ignore line: [LIBRARY_PATH=/autofs/nccs-svm1_sw/summit/gcc/6.4.0/bin/../lib/gcc/powerpc64le-none-linux-gnu/6.4.0/:/autofs/nccs-svm1_sw/summit/gcc/6.4.0/bin/../lib/gcc/:/autofs/nccs-svm1_sw/summit/gcc/6.4.0/bin/../lib/gcc/powerpc64le-none-linux-gnu/6.4.0/../../../../lib64/:/lib/../lib64/:/usr/lib/../lib64/:/autofs/nccs-svm1_sw/summit/.swci/0-core/opt/spack/20180914/linux-rhel7-ppc64le/gcc-4.8.5/papi-5.7.0-7ycgvcx5n3zk2h4dz3koxjzl72exp2le/lib/:/autofs/nccs-svm1_sw/summit/.swci/1-compute/opt/spack/20180914/linux-rhel7-ppc64le/gcc-6.4.0/openblas-0.3.6-m5nxstrhkwmp6wkp4d2mx26v2beb25ni/lib/:/autofs/nccs-svm1_sw/summit/.swci/1-compute/opt/spack/20180914/linux-rhel7-ppc64le/gcc-6.4.0/boost-1.66.0-l6qu5nrynyuksm4ex7gswb6rsvvhsj42/lib/:/autofs/nccs-svm1_sw/summit/.swci/1-compute/opt/spack/20180914/linux-rhel7-ppc64le/gcc-6.4.0/hdf5-1.10.4-qj7qoumocmjj2xkwbwotazo22sugeq5o/lib/:/autofs/nccs-svm1_sw/summit/.swci/1-compute/opt/spack/20180914/linux-rhel7-ppc64le/gcc-6.4.0/spectrum-mpi-10.3.1.2-20200121-awz2q5brde7wgdqqw4ugalrkukeub4eb/lib/:/autofs/nccs-svm1_sw/summit/gcc/6.4.0/bin/../lib/gcc/powerpc64le-none-linux-gnu/6.4.0/../../../:/lib/:/usr/lib/]
  ignore line: [COLLECT_GCC_OPTIONS='-v' '-o' 'cmTC_95f39' '-shared-libgcc']
  link line: [ /autofs/nccs-svm1_sw/summit/gcc/6.4.0/bin/../libexec/gcc/powerpc64le-none-linux-gnu/6.4.0/collect2 -plugin /autofs/nccs-svm1_sw/summit/gcc/6.4.0/bin/../libexec/gcc/powerpc64le-none-linux-gnu/6.4.0/liblto_plugin.so -plugin-opt=/autofs/nccs-svm1_sw/summit/gcc/6.4.0/bin/../libexec/gcc/powerpc64le-none-linux-gnu/6.4.0/lto-wrapper -plugin-opt=-fresolution=/tmp/ccDyLnEE.res -plugin-opt=-pass-through=-lgcc_s -plugin-opt=-pass-through=-lgcc -plugin-opt=-pass-through=-lc -plugin-opt=-pass-through=-lgcc_s -plugin-opt=-pass-through=-lgcc --eh-frame-hdr -V -m elf64lppc -dynamic-linker /lib64/ld64.so.2 -o cmTC_95f39 /lib/../lib64/crt1.o /lib/../lib64/crti.o /autofs/nccs-svm1_sw/summit/gcc/6.4.0/bin/../lib/gcc/powerpc64le-none-linux-gnu/6.4.0/crtbegin.o -L/autofs/nccs-svm1_sw/summit/gcc/6.4.0/bin/../lib/gcc/powerpc64le-none-linux-gnu/6.4.0 -L/autofs/nccs-svm1_sw/summit/gcc/6.4.0/bin/../lib/gcc -L/autofs/nccs-svm1_sw/summit/gcc/6.4.0/bin/../lib/gcc/powerpc64le-none-linux-gnu/6.4.0/../../../../lib64 -L/lib/../lib64 -L/usr/lib/../lib64 -L/autofs/nccs-svm1_sw/summit/.swci/0-core/opt/spack/20180914/linux-rhel7-ppc64le/gcc-4.8.5/papi-5.7.0-7ycgvcx5n3zk2h4dz3koxjzl72exp2le/lib -L/autofs/nccs-svm1_sw/summit/.swci/1-compute/opt/spack/20180914/linux-rhel7-ppc64le/gcc-6.4.0/openblas-0.3.6-m5nxstrhkwmp6wkp4d2mx26v2beb25ni/lib -L/autofs/nccs-svm1_sw/summit/.swci/1-compute/opt/spack/20180914/linux-rhel7-ppc64le/gcc-6.4.0/boost-1.66.0-l6qu5nrynyuksm4ex7gswb6rsvvhsj42/lib -L/autofs/nccs-svm1_sw/summit/.swci/1-compute/opt/spack/20180914/linux-rhel7-ppc64le/gcc-6.4.0/hdf5-1.10.4-qj7qoumocmjj2xkwbwotazo22sugeq5o/lib -L/autofs/nccs-svm1_sw/summit/.swci/1-compute/opt/spack/20180914/linux-rhel7-ppc64le/gcc-6.4.0/spectrum-mpi-10.3.1.2-20200121-awz2q5brde7wgdqqw4ugalrkukeub4eb/lib -L/autofs/nccs-svm1_sw/summit/gcc/6.4.0/bin/../lib/gcc/powerpc64le-none-linux-gnu/6.4.0/../../.. CMakeFiles/cmTC_95f39.dir/CMakeCXXCompilerABI.cpp.o -lstdc++ -lm -lgcc_s -lgcc -lc -lgcc_s -lgcc /autofs/nccs-svm1_sw/summit/gcc/6.4.0/bin/../lib/gcc/powerpc64le-none-linux-gnu/6.4.0/crtend.o /lib/../lib64/crtn.o]
    arg [/autofs/nccs-svm1_sw/summit/gcc/6.4.0/bin/../libexec/gcc/powerpc64le-none-linux-gnu/6.4.0/collect2] ==> ignore
    arg [-plugin] ==> ignore
    arg [/autofs/nccs-svm1_sw/summit/gcc/6.4.0/bin/../libexec/gcc/powerpc64le-none-linux-gnu/6.4.0/liblto_plugin.so] ==> ignore
    arg [-plugin-opt=/autofs/nccs-svm1_sw/summit/gcc/6.4.0/bin/../libexec/gcc/powerpc64le-none-linux-gnu/6.4.0/lto-wrapper] ==> ignore
    arg [-plugin-opt=-fresolution=/tmp/ccDyLnEE.res] ==> ignore
    arg [-plugin-opt=-pass-through=-lgcc_s] ==> ignore
    arg [-plugin-opt=-pass-through=-lgcc] ==> ignore
    arg [-plugin-opt=-pass-through=-lc] ==> ignore
    arg [-plugin-opt=-pass-through=-lgcc_s] ==> ignore
    arg [-plugin-opt=-pass-through=-lgcc] ==> ignore
    arg [--eh-frame-hdr] ==> ignore
    arg [-V] ==> ignore
    arg [-m] ==> ignore
    arg [elf64lppc] ==> ignore
    arg [-dynamic-linker] ==> ignore
    arg [/lib64/ld64.so.2] ==> ignore
    arg [-o] ==> ignore
    arg [cmTC_95f39] ==> ignore
    arg [/lib/../lib64/crt1.o] ==> ignore
    arg [/lib/../lib64/crti.o] ==> ignore
    arg [/autofs/nccs-svm1_sw/summit/gcc/6.4.0/bin/../lib/gcc/powerpc64le-none-linux-gnu/6.4.0/crtbegin.o] ==> ignore
    arg [-L/autofs/nccs-svm1_sw/summit/gcc/6.4.0/bin/../lib/gcc/powerpc64le-none-linux-gnu/6.4.0] ==> dir [/autofs/nccs-svm1_sw/summit/gcc/6.4.0/bin/../lib/gcc/powerpc64le-none-linux-gnu/6.4.0]
    arg [-L/autofs/nccs-svm1_sw/summit/gcc/6.4.0/bin/../lib/gcc] ==> dir [/autofs/nccs-svm1_sw/summit/gcc/6.4.0/bin/../lib/gcc]
    arg [-L/autofs/nccs-svm1_sw/summit/gcc/6.4.0/bin/../lib/gcc/powerpc64le-none-linux-gnu/6.4.0/../../../../lib64] ==> dir [/autofs/nccs-svm1_sw/summit/gcc/6.4.0/bin/../lib/gcc/powerpc64le-none-linux-gnu/6.4.0/../../../../lib64]
    arg [-L/lib/../lib64] ==> dir [/lib/../lib64]
    arg [-L/usr/lib/../lib64] ==> dir [/usr/lib/../lib64]
    arg [-L/autofs/nccs-svm1_sw/summit/.swci/0-core/opt/spack/20180914/linux-rhel7-ppc64le/gcc-4.8.5/papi-5.7.0-7ycgvcx5n3zk2h4dz3koxjzl72exp2le/lib] ==> dir [/autofs/nccs-svm1_sw/summit/.swci/0-core/opt/spack/20180914/linux-rhel7-ppc64le/gcc-4.8.5/papi-5.7.0-7ycgvcx5n3zk2h4dz3koxjzl72exp2le/lib]
    arg [-L/autofs/nccs-svm1_sw/summit/.swci/1-compute/opt/spack/20180914/linux-rhel7-ppc64le/gcc-6.4.0/openblas-0.3.6-m5nxstrhkwmp6wkp4d2mx26v2beb25ni/lib] ==> dir [/autofs/nccs-svm1_sw/summit/.swci/1-compute/opt/spack/20180914/linux-rhel7-ppc64le/gcc-6.4.0/openblas-0.3.6-m5nxstrhkwmp6wkp4d2mx26v2beb25ni/lib]
    arg [-L/autofs/nccs-svm1_sw/summit/.swci/1-compute/opt/spack/20180914/linux-rhel7-ppc64le/gcc-6.4.0/boost-1.66.0-l6qu5nrynyuksm4ex7gswb6rsvvhsj42/lib] ==> dir [/autofs/nccs-svm1_sw/summit/.swci/1-compute/opt/spack/20180914/linux-rhel7-ppc64le/gcc-6.4.0/boost-1.66.0-l6qu5nrynyuksm4ex7gswb6rsvvhsj42/lib]
    arg [-L/autofs/nccs-svm1_sw/summit/.swci/1-compute/opt/spack/20180914/linux-rhel7-ppc64le/gcc-6.4.0/hdf5-1.10.4-qj7qoumocmjj2xkwbwotazo22sugeq5o/lib] ==> dir [/autofs/nccs-svm1_sw/summit/.swci/1-compute/opt/spack/20180914/linux-rhel7-ppc64le/gcc-6.4.0/hdf5-1.10.4-qj7qoumocmjj2xkwbwotazo22sugeq5o/lib]
    arg [-L/autofs/nccs-svm1_sw/summit/.swci/1-compute/opt/spack/20180914/linux-rhel7-ppc64le/gcc-6.4.0/spectrum-mpi-10.3.1.2-20200121-awz2q5brde7wgdqqw4ugalrkukeub4eb/lib] ==> dir [/autofs/nccs-svm1_sw/summit/.swci/1-compute/opt/spack/20180914/linux-rhel7-ppc64le/gcc-6.4.0/spectrum-mpi-10.3.1.2-20200121-awz2q5brde7wgdqqw4ugalrkukeub4eb/lib]
    arg [-L/autofs/nccs-svm1_sw/summit/gcc/6.4.0/bin/../lib/gcc/powerpc64le-none-linux-gnu/6.4.0/../../..] ==> dir [/autofs/nccs-svm1_sw/summit/gcc/6.4.0/bin/../lib/gcc/powerpc64le-none-linux-gnu/6.4.0/../../..]
    arg [CMakeFiles/cmTC_95f39.dir/CMakeCXXCompilerABI.cpp.o] ==> ignore
    arg [-lstdc++] ==> lib [stdc++]
    arg [-lm] ==> lib [m]
    arg [-lgcc_s] ==> lib [gcc_s]
    arg [-lgcc] ==> lib [gcc]
    arg [-lc] ==> lib [c]
    arg [-lgcc_s] ==> lib [gcc_s]
    arg [-lgcc] ==> lib [gcc]
    arg [/autofs/nccs-svm1_sw/summit/gcc/6.4.0/bin/../lib/gcc/powerpc64le-none-linux-gnu/6.4.0/crtend.o] ==> ignore
    arg [/lib/../lib64/crtn.o] ==> ignore
  collapse library dir [/autofs/nccs-svm1_sw/summit/gcc/6.4.0/bin/../lib/gcc/powerpc64le-none-linux-gnu/6.4.0] ==> [/autofs/nccs-svm1_sw/summit/gcc/6.4.0/lib/gcc/powerpc64le-none-linux-gnu/6.4.0]
  collapse library dir [/autofs/nccs-svm1_sw/summit/gcc/6.4.0/bin/../lib/gcc] ==> [/autofs/nccs-svm1_sw/summit/gcc/6.4.0/lib/gcc]
  collapse library dir [/autofs/nccs-svm1_sw/summit/gcc/6.4.0/bin/../lib/gcc/powerpc64le-none-linux-gnu/6.4.0/../../../../lib64] ==> [/autofs/nccs-svm1_sw/summit/gcc/6.4.0/lib64]
  collapse library dir [/lib/../lib64] ==> [/lib64]
  collapse library dir [/usr/lib/../lib64] ==> [/usr/lib64]
  collapse library dir [/autofs/nccs-svm1_sw/summit/.swci/0-core/opt/spack/20180914/linux-rhel7-ppc64le/gcc-4.8.5/papi-5.7.0-7ycgvcx5n3zk2h4dz3koxjzl72exp2le/lib] ==> [/autofs/nccs-svm1_sw/summit/.swci/0-core/opt/spack/20180914/linux-rhel7-ppc64le/gcc-4.8.5/papi-5.7.0-7ycgvcx5n3zk2h4dz3koxjzl72exp2le/lib]
  collapse library dir [/autofs/nccs-svm1_sw/summit/.swci/1-compute/opt/spack/20180914/linux-rhel7-ppc64le/gcc-6.4.0/openblas-0.3.6-m5nxstrhkwmp6wkp4d2mx26v2beb25ni/lib] ==> [/autofs/nccs-svm1_sw/summit/.swci/1-compute/opt/spack/20180914/linux-rhel7-ppc64le/gcc-6.4.0/openblas-0.3.6-m5nxstrhkwmp6wkp4d2mx26v2beb25ni/lib]
  collapse library dir [/autofs/nccs-svm1_sw/summit/.swci/1-compute/opt/spack/20180914/linux-rhel7-ppc64le/gcc-6.4.0/boost-1.66.0-l6qu5nrynyuksm4ex7gswb6rsvvhsj42/lib] ==> [/autofs/nccs-svm1_sw/summit/.swci/1-compute/opt/spack/20180914/linux-rhel7-ppc64le/gcc-6.4.0/boost-1.66.0-l6qu5nrynyuksm4ex7gswb6rsvvhsj42/lib]
  collapse library dir [/autofs/nccs-svm1_sw/summit/.swci/1-compute/opt/spack/20180914/linux-rhel7-ppc64le/gcc-6.4.0/hdf5-1.10.4-qj7qoumocmjj2xkwbwotazo22sugeq5o/lib] ==> [/autofs/nccs-svm1_sw/summit/.swci/1-compute/opt/spack/20180914/linux-rhel7-ppc64le/gcc-6.4.0/hdf5-1.10.4-qj7qoumocmjj2xkwbwotazo22sugeq5o/lib]
  collapse library dir [/autofs/nccs-svm1_sw/summit/.swci/1-compute/opt/spack/20180914/linux-rhel7-ppc64le/gcc-6.4.0/spectrum-mpi-10.3.1.2-20200121-awz2q5brde7wgdqqw4ugalrkukeub4eb/lib] ==> [/autofs/nccs-svm1_sw/summit/.swci/1-compute/opt/spack/20180914/linux-rhel7-ppc64le/gcc-6.4.0/spectrum-mpi-10.3.1.2-20200121-awz2q5brde7wgdqqw4ugalrkukeub4eb/lib]
  collapse library dir [/autofs/nccs-svm1_sw/summit/gcc/6.4.0/bin/../lib/gcc/powerpc64le-none-linux-gnu/6.4.0/../../..] ==> [/autofs/nccs-svm1_sw/summit/gcc/6.4.0/lib]
  implicit libs: [stdc++;m;gcc_s;gcc;c;gcc_s;gcc]
  implicit dirs: [/autofs/nccs-svm1_sw/summit/gcc/6.4.0/lib/gcc/powerpc64le-none-linux-gnu/6.4.0;/autofs/nccs-svm1_sw/summit/gcc/6.4.0/lib/gcc;/autofs/nccs-svm1_sw/summit/gcc/6.4.0/lib64;/lib64;/usr/lib64;/autofs/nccs-svm1_sw/summit/.swci/0-core/opt/spack/20180914/linux-rhel7-ppc64le/gcc-4.8.5/papi-5.7.0-7ycgvcx5n3zk2h4dz3koxjzl72exp2le/lib;/autofs/nccs-svm1_sw/summit/.swci/1-compute/opt/spack/20180914/linux-rhel7-ppc64le/gcc-6.4.0/openblas-0.3.6-m5nxstrhkwmp6wkp4d2mx26v2beb25ni/lib;/autofs/nccs-svm1_sw/summit/.swci/1-compute/opt/spack/20180914/linux-rhel7-ppc64le/gcc-6.4.0/boost-1.66.0-l6qu5nrynyuksm4ex7gswb6rsvvhsj42/lib;/autofs/nccs-svm1_sw/summit/.swci/1-compute/opt/spack/20180914/linux-rhel7-ppc64le/gcc-6.4.0/hdf5-1.10.4-qj7qoumocmjj2xkwbwotazo22sugeq5o/lib;/autofs/nccs-svm1_sw/summit/.swci/1-compute/opt/spack/20180914/linux-rhel7-ppc64le/gcc-6.4.0/spectrum-mpi-10.3.1.2-20200121-awz2q5brde7wgdqqw4ugalrkukeub4eb/lib;/autofs/nccs-svm1_sw/summit/gcc/6.4.0/lib]
  implicit fwks: []


